#
# There is insufficient memory for the Java Runtime Environment to continue.
# Native memory allocation (malloc) failed to allocate 32744 bytes for ChunkPool::allocate
# Possible reasons:
#   The system is out of physical RAM or swap space
#   In 32 bit mode, the process size limit was hit
# Possible solutions:
#   Reduce memory load on the system
#   Increase physical memory or swap space
#   Check if swap backing store is full
#   Use 64 bit Java on a 64 bit OS
#   Decrease Java heap size (-Xmx/-Xms)
#   Decrease number of Java threads
#   Decrease Java thread stack sizes (-Xss)
#   Set larger code cache with -XX:ReservedCodeCacheSize=
# This output file may be truncated or incomplete.
#
#  Out of Memory Error (allocation.cpp:273), pid=34932, tid=0x000000000000868c
#
# JRE version: Java(TM) SE Runtime Environment (8.0_102-b14) (build 1.8.0_102-b14)
# Java VM: Java HotSpot(TM) 64-Bit Server VM (25.102-b14 mixed mode windows-amd64 compressed oops)
# Failed to write core dump. Minidumps are not enabled by default on client versions of Windows
#

---------------  T H R E A D  ---------------

Current thread (0x000000001dcad000):  JavaThread "C2 CompilerThread2" daemon [_thread_in_native, id=34444, stack(0x000000001e660000,0x000000001e760000)]

Stack: [0x000000001e660000,0x000000001e760000]
[error occurred during error reporting (printing stack bounds), id 0xc0000005]

Native frames: (J=compiled Java code, j=interpreted, Vv=VM code, C=native code)


Current CompileTask:
C2:   4115 2214   !   4       java.net.URLClassLoader$1::run (63 bytes)


---------------  P R O C E S S  ---------------

Java Threads: ( => current thread )
  0x000000001f0c9000 JavaThread "ForkJoinPool.commonPool-worker-3" daemon [_thread_blocked, id=34864, stack(0x0000000023270000,0x0000000023370000)]
  0x0000000021576800 JavaThread "ForkJoinPool.commonPool-worker-2" daemon [_thread_blocked, id=24452, stack(0x0000000023170000,0x0000000023270000)]
  0x000000001f7c4000 JavaThread "ForkJoinPool.commonPool-worker-1" daemon [_thread_blocked, id=32256, stack(0x0000000023070000,0x0000000023170000)]
  0x000000001fe90800 JavaThread "Keep-Alive-Timer" daemon [_thread_blocked, id=35140, stack(0x0000000022f70000,0x0000000023070000)]
  0x000000001f7b3800 JavaThread "Exec Stream Pumper" daemon [_thread_in_native, id=34724, stack(0x0000000022d70000,0x0000000022e70000)]
  0x000000001f7b3000 JavaThread "Exec Stream Pumper" daemon [_thread_in_native, id=21104, stack(0x0000000022c70000,0x0000000022d70000)]
  0x00000000210ed800 JavaThread "UrlChecker-2" daemon [_thread_blocked, id=17224, stack(0x0000000022a70000,0x0000000022b70000)]
  0x000000002011f800 JavaThread "Exec Default Executor" daemon [_thread_in_native, id=30596, stack(0x0000000022970000,0x0000000022a70000)]
  0x000000001fe91800 JavaThread "AWT-Windows" daemon [_thread_in_native, id=21616, stack(0x0000000022260000,0x0000000022360000)]
  0x000000001fe90000 JavaThread "Java2D Disposer" daemon [_thread_blocked, id=31776, stack(0x0000000022060000,0x0000000022160000)]
  0x000000001dd5a800 JavaThread "Service Thread" daemon [_thread_blocked, id=6476, stack(0x000000001e860000,0x000000001e960000)]
  0x000000001dcc1000 JavaThread "C1 CompilerThread3" daemon [_thread_blocked, id=32916, stack(0x000000001e760000,0x000000001e860000)]
=>0x000000001dcad000 JavaThread "C2 CompilerThread2" daemon [_thread_in_native, id=34444, stack(0x000000001e660000,0x000000001e760000)]
  0x000000001dcab800 JavaThread "C2 CompilerThread1" daemon [_thread_in_native, id=16628, stack(0x000000001e560000,0x000000001e660000)]
  0x000000001dca9000 JavaThread "C2 CompilerThread0" daemon [_thread_blocked, id=17984, stack(0x000000001e460000,0x000000001e560000)]
  0x000000001dca7800 JavaThread "Attach Listener" daemon [_thread_blocked, id=17132, stack(0x000000001e360000,0x000000001e460000)]
  0x000000001dca6800 JavaThread "Signal Dispatcher" daemon [_thread_blocked, id=21436, stack(0x000000001e260000,0x000000001e360000)]
  0x000000001bda8800 JavaThread "Finalizer" daemon [_thread_blocked, id=20664, stack(0x000000001e070000,0x000000001e170000)]
  0x000000001bda2000 JavaThread "Reference Handler" daemon [_thread_blocked, id=18296, stack(0x000000001db70000,0x000000001dc70000)]
  0x00000000033b9000 JavaThread "Forwarding newSession on session null to remote" [_thread_in_native, id=35472, stack(0x0000000003240000,0x0000000003340000)]

Other Threads:
  0x000000001bd99800 VMThread [stack: 0x000000001da70000,0x000000001db70000] [id=34960]
  0x000000001dd5b800 WatcherThread [stack: 0x000000001e960000,0x000000001ea60000] [id=33804]

VM state:not at safepoint (normal execution)

VM Mutex/Monitor currently owned by a thread: None

Heap:
 PSYoungGen      total 74752K, used 42162K [0x0000000775100000, 0x000000077a400000, 0x00000007c0000000)
  eden space 64512K, 65% used [0x0000000775100000,0x0000000777a2c950,0x0000000779000000)
  from space 10240K, 0% used [0x0000000779000000,0x0000000779000000,0x0000000779a00000)
  to   space 10240K, 0% used [0x0000000779a00000,0x0000000779a00000,0x000000077a400000)
 ParOldGen       total 122880K, used 14102K [0x00000006df200000, 0x00000006e6a00000, 0x0000000775100000)
  object space 122880K, 11% used [0x00000006df200000,0x00000006dffc5b08,0x00000006e6a00000)
 Metaspace       used 26325K, capacity 26834K, committed 26880K, reserved 1073152K
  class space    used 3171K, capacity 3306K, committed 3328K, reserved 1048576K

Card table byte_map: [0x0000000012870000,0x0000000012f80000] byte_map_base: 0x000000000f177000

Marking Bits: (ParMarkBitMap*) 0x000000005ac2a6c0
 Begin Bits: [0x0000000013c30000, 0x0000000017468000)
 End Bits:   [0x0000000017468000, 0x000000001aca0000)

Polling page: 0x0000000001820000

CodeCache: size=245760Kb used=9192Kb max_used=9201Kb free=236567Kb
 bounds [0x00000000034b0000, 0x0000000003dc0000, 0x00000000124b0000]
 total_blobs=2901 nmethods=2208 adapters=605
 compilation: enabled

Compilation events (10 events):
Event: 3.609 Thread 0x000000001dcc1000 2220       3       java.lang.String::replaceAll (13 bytes)
Event: 3.609 Thread 0x000000001dcc1000 nmethod 2220 0x0000000003da96d0 code [0x0000000003da9860, 0x0000000003da9c28]
Event: 3.614 Thread 0x000000001dcc1000 2221       3       java.net.URI::access$2800 (4 bytes)
Event: 3.614 Thread 0x000000001dcc1000 nmethod 2221 0x0000000003da93d0 code [0x0000000003da9520, 0x0000000003da9650]
Event: 3.614 Thread 0x000000001dcc1000 2222       3       java.net.URI::access$2900 (4 bytes)
Event: 3.614 Thread 0x000000001dcc1000 nmethod 2222 0x0000000003da90d0 code [0x0000000003da9220, 0x0000000003da9350]
Event: 3.617 Thread 0x000000001dca9000 2223       4       java.lang.String::regionMatches (149 bytes)
Event: 3.624 Thread 0x000000001dca9000 nmethod 2223 0x0000000003da7f10 code [0x0000000003da8080, 0x0000000003da8858]
Event: 3.645 Thread 0x000000001dcc1000 2224       3       java.lang.Integer::numberOfLeadingZeros (76 bytes)
Event: 3.645 Thread 0x000000001dcc1000 nmethod 2224 0x0000000003db2d50 code [0x0000000003db2ec0, 0x0000000003db3170]

GC Heap History (8 events):
Event: 0.991 GC heap before
{Heap before GC invocations=1 (full 0):
 PSYoungGen      total 74752K, used 64512K [0x0000000775100000, 0x000000077a400000, 0x00000007c0000000)
  eden space 64512K, 100% used [0x0000000775100000,0x0000000779000000,0x0000000779000000)
  from space 10240K, 0% used [0x0000000779a00000,0x0000000779a00000,0x000000077a400000)
  to   space 10240K, 0% used [0x0000000779000000,0x0000000779000000,0x0000000779a00000)
 ParOldGen       total 171008K, used 0K [0x00000006df200000, 0x00000006e9900000, 0x0000000775100000)
  object space 171008K, 0% used [0x00000006df200000,0x00000006df200000,0x00000006e9900000)
 Metaspace       used 11014K, capacity 11106K, committed 11264K, reserved 1058816K
  class space    used 1216K, capacity 1268K, committed 1280K, reserved 1048576K
Event: 0.998 GC heap after
Heap after GC invocations=1 (full 0):
 PSYoungGen      total 74752K, used 8063K [0x0000000775100000, 0x000000077a400000, 0x00000007c0000000)
  eden space 64512K, 0% used [0x0000000775100000,0x0000000775100000,0x0000000779000000)
  from space 10240K, 78% used [0x0000000779000000,0x00000007797dfdc8,0x0000000779a00000)
  to   space 10240K, 0% used [0x0000000779a00000,0x0000000779a00000,0x000000077a400000)
 ParOldGen       total 171008K, used 8K [0x00000006df200000, 0x00000006e9900000, 0x0000000775100000)
  object space 171008K, 0% used [0x00000006df200000,0x00000006df202000,0x00000006e9900000)
 Metaspace       used 11014K, capacity 11106K, committed 11264K, reserved 1058816K
  class space    used 1216K, capacity 1268K, committed 1280K, reserved 1048576K
}
Event: 1.904 GC heap before
{Heap before GC invocations=2 (full 0):
 PSYoungGen      total 74752K, used 72575K [0x0000000775100000, 0x000000077a400000, 0x00000007c0000000)
  eden space 64512K, 100% used [0x0000000775100000,0x0000000779000000,0x0000000779000000)
  from space 10240K, 78% used [0x0000000779000000,0x00000007797dfdc8,0x0000000779a00000)
  to   space 10240K, 0% used [0x0000000779a00000,0x0000000779a00000,0x000000077a400000)
 ParOldGen       total 171008K, used 8K [0x00000006df200000, 0x00000006e9900000, 0x0000000775100000)
  object space 171008K, 0% used [0x00000006df200000,0x00000006df202000,0x00000006e9900000)
 Metaspace       used 18542K, capacity 18782K, committed 19072K, reserved 1067008K
  class space    used 2011K, capacity 2100K, committed 2176K, reserved 1048576K
Event: 1.913 GC heap after
Heap after GC invocations=2 (full 0):
 PSYoungGen      total 74752K, used 10224K [0x0000000775100000, 0x000000077a400000, 0x00000007c0000000)
  eden space 64512K, 0% used [0x0000000775100000,0x0000000775100000,0x0000000779000000)
  from space 10240K, 99% used [0x0000000779a00000,0x000000077a3fc120,0x000000077a400000)
  to   space 10240K, 0% used [0x0000000779000000,0x0000000779000000,0x0000000779a00000)
 ParOldGen       total 171008K, used 1228K [0x00000006df200000, 0x00000006e9900000, 0x0000000775100000)
  object space 171008K, 0% used [0x00000006df200000,0x00000006df3331f0,0x00000006e9900000)
 Metaspace       used 18542K, capacity 18782K, committed 19072K, reserved 1067008K
  class space    used 2011K, capacity 2100K, committed 2176K, reserved 1048576K
}
Event: 2.238 GC heap before
{Heap before GC invocations=3 (full 0):
 PSYoungGen      total 74752K, used 63793K [0x0000000775100000, 0x000000077a400000, 0x00000007c0000000)
  eden space 64512K, 83% used [0x0000000775100000,0x00000007785506d0,0x0000000779000000)
  from space 10240K, 99% used [0x0000000779a00000,0x000000077a3fc120,0x000000077a400000)
  to   space 10240K, 0% used [0x0000000779000000,0x0000000779000000,0x0000000779a00000)
 ParOldGen       total 171008K, used 1228K [0x00000006df200000, 0x00000006e9900000, 0x0000000775100000)
  object space 171008K, 0% used [0x00000006df200000,0x00000006df3331f0,0x00000006e9900000)
 Metaspace       used 20819K, capacity 21092K, committed 21248K, reserved 1069056K
  class space    used 2346K, capacity 2464K, committed 2560K, reserved 1048576K
Event: 2.248 GC heap after
Heap after GC invocations=3 (full 0):
 PSYoungGen      total 74752K, used 10216K [0x0000000775100000, 0x000000077a400000, 0x00000007c0000000)
  eden space 64512K, 0% used [0x0000000775100000,0x0000000775100000,0x0000000779000000)
  from space 10240K, 99% used [0x0000000779000000,0x00000007799fa0d0,0x0000000779a00000)
  to   space 10240K, 0% used [0x0000000779a00000,0x0000000779a00000,0x000000077a400000)
 ParOldGen       total 171008K, used 5326K [0x00000006df200000, 0x00000006e9900000, 0x0000000775100000)
  object space 171008K, 3% used [0x00000006df200000,0x00000006df7338c0,0x00000006e9900000)
 Metaspace       used 20819K, capacity 21092K, committed 21248K, reserved 1069056K
  class space    used 2346K, capacity 2464K, committed 2560K, reserved 1048576K
}
Event: 2.248 GC heap before
{Heap before GC invocations=4 (full 1):
 PSYoungGen      total 74752K, used 10216K [0x0000000775100000, 0x000000077a400000, 0x00000007c0000000)
  eden space 64512K, 0% used [0x0000000775100000,0x0000000775100000,0x0000000779000000)
  from space 10240K, 99% used [0x0000000779000000,0x00000007799fa0d0,0x0000000779a00000)
  to   space 10240K, 0% used [0x0000000779a00000,0x0000000779a00000,0x000000077a400000)
 ParOldGen       total 171008K, used 5326K [0x00000006df200000, 0x00000006e9900000, 0x0000000775100000)
  object space 171008K, 3% used [0x00000006df200000,0x00000006df7338c0,0x00000006e9900000)
 Metaspace       used 20819K, capacity 21092K, committed 21248K, reserved 1069056K
  class space    used 2346K, capacity 2464K, committed 2560K, reserved 1048576K
Event: 2.300 GC heap after
Heap after GC invocations=4 (full 1):
 PSYoungGen      total 74752K, used 0K [0x0000000775100000, 0x000000077a400000, 0x00000007c0000000)
  eden space 64512K, 0% used [0x0000000775100000,0x0000000775100000,0x0000000779000000)
  from space 10240K, 0% used [0x0000000779000000,0x0000000779000000,0x0000000779a00000)
  to   space 10240K, 0% used [0x0000000779a00000,0x0000000779a00000,0x000000077a400000)
 ParOldGen       total 122880K, used 14102K [0x00000006df200000, 0x00000006e6a00000, 0x0000000775100000)
  object space 122880K, 11% used [0x00000006df200000,0x00000006dffc5b08,0x00000006e6a00000)
 Metaspace       used 20819K, capacity 21092K, committed 21248K, reserved 1069056K
  class space    used 2346K, capacity 2464K, committed 2560K, reserved 1048576K
}

Deoptimization events (10 events):
Event: 2.557 Thread 0x00000000033b9000 Uncommon trap: reason=class_check action=maybe_recompile pc=0x0000000003c2b2fc method=java.util.regex.Pattern$CharProperty$1.isSatisfiedBy(I)Z @ 5
Event: 2.557 Thread 0x00000000033b9000 Uncommon trap: reason=class_check action=maybe_recompile pc=0x0000000003c2b2fc method=java.util.regex.Pattern$CharProperty$1.isSatisfiedBy(I)Z @ 5
Event: 2.837 Thread 0x00000000033b9000 Uncommon trap: reason=unstable_if action=reinterpret pc=0x0000000003a15bd4 method=java.util.concurrent.ConcurrentHashMap.putVal(Ljava/lang/Object;Ljava/lang/Object;Z)Ljava/lang/Object; @ 195
Event: 2.928 Thread 0x00000000033b9000 Uncommon trap: reason=unstable_if action=reinterpret pc=0x0000000003663274 method=java.lang.String.replace(CC)Ljava/lang/String; @ 2
Event: 2.934 Thread 0x00000000033b9000 Uncommon trap: reason=bimorphic action=maybe_recompile pc=0x00000000037b94cc method=java.net.URL.<init>(Ljava/net/URL;Ljava/lang/String;Ljava/net/URLStreamHandler;)V @ 504
Event: 3.468 Thread 0x00000000033b9000 Uncommon trap: reason=unstable_if action=reinterpret pc=0x0000000003c21c30 method=java.util.regex.Pattern$BitClass.isSatisfiedBy(I)Z @ 13
Event: 3.525 Thread 0x00000000033b9000 Uncommon trap: reason=class_check action=maybe_recompile pc=0x0000000003d4c86c method=java.util.concurrent.ConcurrentHashMap.putVal(Ljava/lang/Object;Ljava/lang/Object;Z)Ljava/lang/Object; @ 192
Event: 3.525 Thread 0x0000000021576800 Uncommon trap: reason=class_check action=maybe_recompile pc=0x0000000003d4c86c method=java.util.concurrent.ConcurrentHashMap.putVal(Ljava/lang/Object;Ljava/lang/Object;Z)Ljava/lang/Object; @ 192
Event: 3.609 Thread 0x00000000033b9000 Uncommon trap: reason=unstable_if action=reinterpret pc=0x0000000003d3f06c method=java.util.regex.Pattern$BmpCharProperty.match(Ljava/util/regex/Matcher;ILjava/lang/CharSequence;)Z @ 34
Event: 3.667 Thread 0x00000000033b9000 Uncommon trap: reason=unstable_if action=reinterpret pc=0x0000000003d4c060 method=java.util.concurrent.ConcurrentHashMap.putVal(Ljava/lang/Object;Ljava/lang/Object;Z)Ljava/lang/Object; @ 206

Internal exceptions (10 events):
Event: 2.193 Thread 0x00000000033b9000 Exception <a 'java/lang/ClassNotFoundException': com/kms/katalon/core/webui/keyword/builtin/OpenBrowserKeywordCustomizer> (0x000000077833ef80) thrown at [C:\re\workspace\8-2-build-windows-amd64-cygwin\jdk8u102\7268\hotspot\src\share\vm\classfile\systemDict@õ)¦'•@
Event: 2.198 Thread 0x00000000033b9000 Exception <a 'java/lang/ClassNotFoundException': com/kms/katalon/core/webui/common/ScreenUtilBeanInfo> (0x00000007783b1f90) thrown at [C:\re\workspace\8-2-build-windows-amd64-cygwin\jdk8u102\7268\hotspot\src\share\vm\classfile\systemDictionary.cpp, line 21ßýN—@
Event: 2.199 Thread 0x00000000033b9000 Exception <a 'java/lang/ClassNotFoundException': com/kms/katalon/core/webui/common/ScreenUtilCustomizer> (0x00000007783e1620) thrown at [C:\re\workspace\8-2-build-windows-amd64-cygwin\jdk8u102\7268\hotspot\src\share\vm\classfile\systemDictionary.cpp, line }".UÒË@
Event: 2.225 Thread 0x00000000033b9000 Exception <a 'java/io/FileNotFoundException'> (0x000000077841da08) thrown at [C:\re\workspace\8-2-build-windows-amd64-cygwin\jdk8u102\7268\hotspot\src\share\vm\prims\jni.cpp, line 709]
Event: 2.306 Thread 0x00000000033b9000 Exception <a 'java/io/FileNotFoundException'> (0x0000000775105220) thrown at [C:\re\workspace\8-2-build-windows-amd64-cygwin\jdk8u102\7268\hotspot\src\share\vm\prims\jni.cpp, line 709]
Event: 2.419 Thread 0x00000000033b9000 Implicit null exception at 0x0000000003aa8a35 to 0x0000000003aaa5ad
Event: 2.535 Thread 0x00000000033b9000 Exception <a 'java/lang/NoClassDefFoundError': org/apache/log4j/Priority> (0x0000000775a2e7b0) thrown at [C:\re\workspace\8-2-build-windows-amd64-cygwin\jdk8u102\7268\hotspot\src\share\vm\classfile\systemDictionary.cpp, line 199]
Event: 3.443 Thread 0x00000000210ed800 Exception <a 'java/net/SocketTimeoutException': connect timed out> (0x0000000776a91c98) thrown at [C:\re\workspace\8-2-build-windows-amd64-cygwin\jdk8u102\7268\hotspot\src\share\vm\prims\jni.cpp, line 735]
Event: 3.479 Thread 0x00000000033b9000 Exception <a 'java/lang/IncompatibleClassChangeError': Found class java.lang.Object, but interface was expected> (0x0000000776d284f0) thrown at [C:\re\workspace\8-2-build-windows-amd64-cygwin\jdk8u102\7268\hotspot\src\share\vm\interpreter\linkResolver.cpp,
Event: 3.481 Thread 0x00000000033b9000 Exception <a 'java/lang/NoSuchMethodError': java.lang.Object.lambda$or$2(Ljava/util/function/Predicate;Ljava/lang/Object;)Z> (0x0000000776d36540) thrown at [C:\re\workspace\8-2-build-windows-amd64-cygwin\jdk8u102\7268\hotspot\src\share\vm\interpreter\linkR›Ý¹7‹@

Events (10 events):
Event: 3.665 loading class org/apache/http/conn/routing/RouteTracker done
Event: 3.666 loading class org/apache/http/impl/auth/HttpAuthenticator$1
Event: 3.666 loading class org/apache/http/impl/auth/HttpAuthenticator$1 done
Event: 3.667 Thread 0x00000000033b9000 Uncommon trap: trap_request=0xffffff65 fr.pc=0x0000000003d4c060
Event: 3.667 Thread 0x00000000033b9000 DEOPT PACKING pc=0x0000000003d4c060 sp=0x000000000333d120
Event: 3.667 Thread 0x00000000033b9000 DEOPT UNPACKING pc=0x00000000034f582a sp=0x000000000333d0b0 mode 2
Event: 3.667 loading class org/apache/http/message/BasicListHeaderIterator
Event: 3.667 loading class org/apache/http/message/BasicListHeaderIterator done
Event: 3.668 loading class org/apache/http/FormattedHeader
Event: 3.668 loading class org/apache/http/FormattedHeader done


Dynamic libraries:
0x00007ff647eb0000 - 0x00007ff647ee7000 	D:\Katalon_Studio_Windows_64-5.4.2\Katalon_Studio_Windows_64-5.4.2\jre\bin\javaw.exe
0x00007fffda970000 - 0x00007fffdab51000 	C:\WINDOWS\SYSTEM32\ntdll.dll
0x00007fffd9920000 - 0x00007fffd99d2000 	C:\WINDOWS\System32\KERNEL32.DLL
0x00007fffd6d40000 - 0x00007fffd6fb3000 	C:\WINDOWS\System32\KERNELBASE.dll
0x00007fffd8250000 - 0x00007fffd82f1000 	C:\WINDOWS\System32\ADVAPI32.dll
0x00007fffd99e0000 - 0x00007fffd9a7e000 	C:\WINDOWS\System32\msvcrt.dll
0x00007fffd7e30000 - 0x00007fffd7e8b000 	C:\WINDOWS\System32\sechost.dll
0x00007fffda810000 - 0x00007fffda934000 	C:\WINDOWS\System32\RPCRT4.dll
0x00007fffd9af0000 - 0x00007fffd9c80000 	C:\WINDOWS\System32\USER32.dll
0x00007fffd7970000 - 0x00007fffd7990000 	C:\WINDOWS\System32\win32u.dll
0x00007fffd83f0000 - 0x00007fffd8418000 	C:\WINDOWS\System32\GDI32.dll
0x00007fffd7c60000 - 0x00007fffd7df2000 	C:\WINDOWS\System32\gdi32full.dll
0x00007fffd7a10000 - 0x00007fffd7aaf000 	C:\WINDOWS\System32\msvcp_win.dll
0x00007fffd7ab0000 - 0x00007fffd7baa000 	C:\WINDOWS\System32\ucrtbase.dll
0x00007fffca640000 - 0x00007fffca8a9000 	C:\WINDOWS\WinSxS\amd64_microsoft.windows.common-controls_6595b64144ccf1df_6.0.17134.81_none_b4b229fe3cb4cfa3\COMCTL32.dll
0x00007fffda030000 - 0x00007fffda353000 	C:\WINDOWS\System32\combase.dll
0x00007fffd7990000 - 0x00007fffd7a0a000 	C:\WINDOWS\System32\bcryptPrimitives.dll
0x00007fffd7e00000 - 0x00007fffd7e2d000 	C:\WINDOWS\System32\IMM32.DLL
0x000000005a260000 - 0x000000005a331000 	D:\Katalon_Studio_Windows_64-5.4.2\Katalon_Studio_Windows_64-5.4.2\jre\bin\msvcr100.dll
0x000000005a410000 - 0x000000005acaa000 	D:\Katalon_Studio_Windows_64-5.4.2\Katalon_Studio_Windows_64-5.4.2\jre\bin\server\jvm.dll
0x00007fffd8420000 - 0x00007fffd8428000 	C:\WINDOWS\System32\PSAPI.DLL
0x00007fffcdbc0000 - 0x00007fffcdbe3000 	C:\WINDOWS\SYSTEM32\WINMM.dll
0x00007fffd53c0000 - 0x00007fffd53c9000 	C:\WINDOWS\SYSTEM32\WSOCK32.dll
0x00007fffcc4a0000 - 0x00007fffcc4aa000 	C:\WINDOWS\SYSTEM32\VERSION.dll
0x00007fffd9fc0000 - 0x00007fffda02c000 	C:\WINDOWS\System32\WS2_32.dll
0x00007fffcdb90000 - 0x00007fffcdbba000 	C:\WINDOWS\SYSTEM32\WINMMBASE.dll
0x00007fffd7020000 - 0x00007fffd7069000 	C:\WINDOWS\System32\cfgmgr32.dll
0x000000005bb00000 - 0x000000005bb0f000 	D:\Katalon_Studio_Windows_64-5.4.2\Katalon_Studio_Windows_64-5.4.2\jre\bin\verify.dll
0x000000005a3e0000 - 0x000000005a409000 	D:\Katalon_Studio_Windows_64-5.4.2\Katalon_Studio_Windows_64-5.4.2\jre\bin\java.dll
0x000000005a3c0000 - 0x000000005a3d6000 	D:\Katalon_Studio_Windows_64-5.4.2\Katalon_Studio_Windows_64-5.4.2\jre\bin\zip.dll
0x00007fffd84e0000 - 0x00007fffd9920000 	C:\WINDOWS\System32\SHELL32.dll
0x00007fffd8430000 - 0x00007fffd84d9000 	C:\WINDOWS\System32\shcore.dll
0x00007fffd7070000 - 0x00007fffd777d000 	C:\WINDOWS\System32\windows.storage.dll
0x00007fffd8010000 - 0x00007fffd8061000 	C:\WINDOWS\System32\shlwapi.dll
0x00007fffd6d20000 - 0x00007fffd6d31000 	C:\WINDOWS\System32\kernel.appcore.dll
0x00007fffd6cb0000 - 0x00007fffd6ccf000 	C:\WINDOWS\System32\profapi.dll
0x00007fffd6cd0000 - 0x00007fffd6d1c000 	C:\WINDOWS\System32\powrprof.dll
0x00007fffd6c80000 - 0x00007fffd6c8a000 	C:\WINDOWS\System32\FLTLIB.DLL
0x000000005a3a0000 - 0x000000005a3ba000 	D:\Katalon_Studio_Windows_64-5.4.2\Katalon_Studio_Windows_64-5.4.2\jre\bin\net.dll
0x00007fffd61a0000 - 0x00007fffd6206000 	C:\WINDOWS\system32\mswsock.dll
0x000000005a380000 - 0x000000005a391000 	D:\Katalon_Studio_Windows_64-5.4.2\Katalon_Studio_Windows_64-5.4.2\jre\bin\nio.dll
0x000000005a0c0000 - 0x000000005a258000 	D:\Katalon_Studio_Windows_64-5.4.2\Katalon_Studio_Windows_64-5.4.2\jre\bin\awt.dll
0x00007fffd9ee0000 - 0x00007fffd9fa2000 	C:\WINDOWS\System32\OLEAUT32.dll
0x00007fffd3b80000 - 0x00007fffd3c0b000 	C:\WINDOWS\SYSTEM32\apphelp.dll
0x00007fffd4e90000 - 0x00007fffd4eb9000 	C:\WINDOWS\system32\DWMAPI.DLL
0x00007fffd4160000 - 0x00007fffd41f8000 	C:\WINDOWS\system32\uxtheme.dll
0x00007fffd7e90000 - 0x00007fffd8005000 	C:\WINDOWS\System32\MSCTF.dll
0x00007fffd8070000 - 0x00007fffd81c1000 	C:\WINDOWS\System32\ole32.dll
0x00007fffd5f60000 - 0x00007fffd601e000 	C:\WINDOWS\SYSTEM32\DNSAPI.dll
0x00007fffd9fb0000 - 0x00007fffd9fb8000 	C:\WINDOWS\System32\NSI.dll
0x00007fffd5f20000 - 0x00007fffd5f58000 	C:\WINDOWS\SYSTEM32\IPHLPAPI.DLL
0x00007fffce6d0000 - 0x00007fffce6da000 	C:\Windows\System32\rasadhlp.dll
0x00007fffd20a0000 - 0x00007fffd2112000 	C:\WINDOWS\System32\fwpuclnt.dll
0x00007fffd67a0000 - 0x00007fffd67c5000 	C:\WINDOWS\SYSTEM32\bcrypt.dll
0x000000005a350000 - 0x000000005a374000 	D:\Katalon_Studio_Windows_64-5.4.2\Katalon_Studio_Windows_64-5.4.2\jre\bin\sunec.dll
0x00007fffd69a0000 - 0x00007fffd69b7000 	C:\WINDOWS\SYSTEM32\CRYPTSP.dll
0x00007fffd5d80000 - 0x00007fffd5db3000 	C:\WINDOWS\system32\rsaenh.dll
0x00007fffd6b80000 - 0x00007fffd6ba8000 	C:\WINDOWS\SYSTEM32\USERENV.dll
0x00007fffd6350000 - 0x00007fffd635b000 	C:\WINDOWS\SYSTEM32\CRYPTBASE.dll
0x00007fffd1c30000 - 0x00007fffd1c46000 	C:\WINDOWS\SYSTEM32\dhcpcsvc6.DLL
0x00007fffd1c00000 - 0x00007fffd1c1a000 	C:\WINDOWS\SYSTEM32\dhcpcsvc.DLL

VM Arguments:
jvm_args: -Dgroovy.home=/D:/Katalon_Studio_Windows_64-5.4.2/Katalon_Studio_Windows_64-5.4.2/plugins/org.codehaus.groovy_2.4.7.xx-201611170128-e46/ -Xmx3598m -Dfile.encoding=UTF-8 
java_command: org.codehaus.groovy.tools.GroovyStarter --classpath C:\Users\kam\Katalon Studio\SAP_Automation\Keywords;C:\Users\kam\Katalon Studio\SAP_Automation\Libs;C:\Users\kam\Katalon Studio\SAP_Automation\Test Listeners;D:\Katalon_Studio_Windows_64-5.4.2\Katalon_Studio_Windows_64-5.4.2\configuration\resources\lib\java-client-5.0.4.jar;D:\Katalon_Studio_Windows_64-5.4.2\Katalon_Studio_Windows_64-5.4.2\configuration\resources\lib\jna-4.1.0.jar;D:\Katalon_Studio_Windows_64-5.4.2\Katalon_Studio_Windows_64-5.4.2\configuration\resources\lib\jna-platform-4.1.0.jar;D:\Katalon_Studio_Windows_64-5.4.2\Katalon_Studio_Windows_64-5.4.2\configuration\resources\lib\kat-server.jar;D:\Katalon_Studio_Windows_64-5.4.2\Katalon_Studio_Windows_64-5.4.2\configuration\resources\lib\repackaged-guava-19.0.jar;D:\Katalon_Studio_Windows_64-5.4.2\Katalon_Studio_Windows_64-5.4.2\configuration\resources\lib\repackaged-sikuli-api-1.0.2-standalone.jar;D:\Katalon_Studio_Windows_64-5.4.2\Katalon_Studio_Windows_64-5.4.2\configuration\resources\lib\selenium-leg-rc-3.7.0.jar;D:\Katalon_Studio_Windows_64-5.4.2\Katalon_Studio_Windows_64-5.4.2\configuration\resources\lib\selenium-server-standalone-3.7.1.jar;D:\Katalon_Studio_Windows_64-5.4.2\Katalon_Studio_Windows_64-5.4.2\configuration\resources\lib\testng-6.11.jar;D:\Katalon_Studio_Windows_64-5.4.2\Katalon_Studio_Windows_64-5.4.2\plugins\atu.testrecorder.screen-recorder_2.1.0.jar;D:\Katalon_Studio_Windows_64-5.4.2\Katalon_Studio_Windows_64-5.4.2\plugins\com.google.gson_2.8.0.jar;D:\Katalon_Studio_Windows_64-5.4.2\Katalon_Studio_Windows_64-5.4.2\plugins\com.google.guava_23.0.0.jar;D:\Katalon_Studio_Windows_64-5.4.2\Katalon_Studio_Windows_64-5.4.2\plugins\com.google.http-client.google-http-client_1.22.0.jar;D:\Katalon_Studio_Windows_64-5.4.2\Katalon_Studio_Windows_64-5.4.2\plugins\com.google.oauth-client.google-oauth-client_1.22.0.jar;D:\Katalon_Studio_Windows_64-5.4.2\Katalon_Studio_Windows_64-5.4.2\plugins\com.kms.katalon.constant_1.0.0.20180530100
java_class_path (initial): C:\Users\kam\Katalon Studio\SAP_Automation\bin\keyword;C:\Users\kam\Katalon Studio\SAP_Automation\bin\listener;C:\Users\kam\Katalon Studio\SAP_Automation\bin\lib;C:\Users\kam\Katalon Studio\SAP_Automation\bin;D:\Katalon_Studio_Windows_64-5.4.2\Katalon_Studio_Windows_64-5.4.2\plugins\com.kms.katalon.core_1.0.0.201805301004.jar;D:\Katalon_Studio_Windows_64-5.4.2\Katalon_Studio_Windows_64-5.4.2\configuration\resources\lib\java-client-5.0.4.jar;D:\Katalon_Studio_Windows_64-5.4.2\Katalon_Studio_Windows_64-5.4.2\configuration\resources\lib\jna-4.1.0.jar;D:\Katalon_Studio_Windows_64-5.4.2\Katalon_Studio_Windows_64-5.4.2\configuration\resources\lib\jna-platform-4.1.0.jar;D:\Katalon_Studio_Windows_64-5.4.2\Katalon_Studio_Windows_64-5.4.2\configuration\resources\lib\kat-server.jar;D:\Katalon_Studio_Windows_64-5.4.2\Katalon_Studio_Windows_64-5.4.2\configuration\resources\lib\repackaged-guava-19.0.jar;D:\Katalon_Studio_Windows_64-5.4.2\Katalon_Studio_Windows_64-5.4.2\configuration\resources\lib\repackaged-sikuli-api-1.0.2-standalone.jar;D:\Katalon_Studio_Windows_64-5.4.2\Katalon_Studio_Windows_64-5.4.2\configuration\resources\lib\selenium-leg-rc-3.7.0.jar;D:\Katalon_Studio_Windows_64-5.4.2\Katalon_Studio_Windows_64-5.4.2\configuration\resources\lib\selenium-server-standalone-3.7.1.jar;D:\Katalon_Studio_Windows_64-5.4.2\Katalon_Studio_Windows_64-5.4.2\configuration\resources\lib\testng-6.11.jar;D:\Katalon_Studio_Windows_64-5.4.2\Katalon_Studio_Windows_64-5.4.2\plugins\net.sf.supercsv.super-csv_2.1.0.jar;D:\Katalon_Studio_Windows_64-5.4.2\Katalon_Studio_Windows_64-5.4.2\plugins\org.apache.poi_3.9.0.v201405241750.jar;D:\Katalon_Studio_Windows_64-5.4.2\Katalon_Studio_Windows_64-5.4.2\plugins\org.apache.poi.ooxml_3.9.0.v201405241905.jar;D:\Katalon_Studio_Windows_64-5.4.2\Katalon_Studio_Windows_64-5.4.2\plugins\org.apache.poi.ooxml.schemas_3.9.0.v201405241750.jar;D:\Katalon_Studio_Windows_64-5.4.2\Katalon_Studio_Windows_64-5.4.2\plugins\org.dom4j_1.6.1.v2
Launcher Type: SUN_STANDARD

Environment Variables:
JAVA_HOME=C:\Program Files\Java\jdk-9.0.4\
USERNAME=kam
OS=Windows_NT
PROCESSOR_IDENTIFIER=Intel64 Family 6 Model 94 Stepping 3, GenuineIntel



---------------  S Y S T E M  ---------------

OS: Windows 10.0 , 64 bit Build 17134 (10.0.17134.1)

CPU:total 8 (4 cores per cpu, 2 threads per core) family 6 model 94 stepping 3, cmov, cx8, fxsr, mmx, sse, sse2, sse3, ssse3, sse4.1, sse4.2, popcnt, avx, avx2, aes, clmul, erms, rtm, 3dnowpref, lzcnt, ht, tsc, tscinvbit, bmi1, bmi2, adx

Memory: 4k page, physical 16354836k(1178316k free), swap 20549140k(3108k free)

vm_info: Java HotSpot(TM) 64-Bit Server VM (25.102-b14) for windows-amd64 JRE (1.8.0_102-b14), built on Jun 22 2016 13:15:21 by "java_re" with MS VC++ 10.0 (VS2010)

time: Fri Jun 15 04:38:08 2018
elapsed time: 4 seconds (0d 0h 0m 4s)

