#
# There is insufficient memory for the Java Runtime Environment to continue.
# Native memory allocation (mmap) failed to map 262144000 bytes for Failed to commit area from 0x00000006c6600000 to 0x00000006d6000000 of length 262144000.
# Possible reasons:
#   The system is out of physical RAM or swap space
#   The process is running with CompressedOops enabled, and the Java Heap may be blocking the growth of the native heap
# Possible solutions:
#   Reduce memory load on the system
#   Increase physical memory or swap space
#   Check if swap backing store is full
#   Decrease Java heap size (-Xmx/-Xms)
#   Decrease number of Java threads
#   Decrease Java thread stack sizes (-Xss)
#   Set larger code cache with -XX:ReservedCodeCacheSize=
# This output file may be truncated or incomplete.
#
#  Out of Memory Error (t:/workspace/hotspot/src/os/windows/vm/os_windows.cpp:3357), pid=19140, tid=15740
#
# JRE version:  (9.0+11) (build )
# Java VM: Java HotSpot(TM) 64-Bit Server VM (9.0.4+11, mixed mode, tiered, compressed oops, g1 gc, windows-amd64)
# No core dump will be written. Minidumps are not enabled by default on client versions of Windows
#

---------------  S U M M A R Y ------------

Command Line: -Dmaven.home=EMBEDDED -Dclassworlds.conf=C:\Users\kam\selenium_tryouts\.metadata\.plugins\org.eclipse.m2e.launching\launches\m2conf16086691582103333065.tmp -Dmaven.multiModuleProjectDirectory=C:\Users\kam\selenium_tryouts\SeleniumBasic_JSON_DataDriven -Dfile.encoding=Cp1252 org.codehaus.plexus.classworlds.launcher.Launcher -B clean

Host: Intel(R) Core(TM) i7-6700HQ CPU @ 2.60GHz, 8 cores, 15G,  Windows 10 , 64 bit Build 16299 (10.0.16299.431)
Time: Sun Jun 10 20:32:31 2018 Sri Lanka Standard Time elapsed time: 0 seconds (0d 0h 0m 0s)

---------------  T H R E A D  ---------------

Current thread (0x000001564b1b8800):  JavaThread "Unknown thread" [_thread_in_vm, id=15740, stack(0x0000001cd7700000,0x0000001cd7800000)]

Stack: [0x0000001cd7700000,0x0000001cd7800000]
Native frames: (J=compiled Java code, j=interpreted, Vv=VM code, C=native code)
V  [jvm.dll+0x587068]
V  [jvm.dll+0x69c25e]
V  [jvm.dll+0x69d17a]
V  [jvm.dll+0x69d7b3]
V  [jvm.dll+0x21d198]
V  [jvm.dll+0x584bb4]
V  [jvm.dll+0x57a095]
V  [jvm.dll+0x2cd67b]
V  [jvm.dll+0x2cd5e3]
V  [jvm.dll+0x2cd4b2]
V  [jvm.dll+0x2cf4b3]
V  [jvm.dll+0x3191e3]
V  [jvm.dll+0x3198f6]
V  [jvm.dll+0x3192e3]
V  [jvm.dll+0x2adeb8]
V  [jvm.dll+0x2af0e7]
V  [jvm.dll+0x67b34d]
V  [jvm.dll+0x67c70c]
V  [jvm.dll+0x3269c9]
V  [jvm.dll+0x66555e]
V  [jvm.dll+0x391811]
V  [jvm.dll+0x3937c1]
C  [javaw.exe+0x3501]
C  [javaw.exe+0xe25f]
C  [javaw.exe+0xe406]
C  [KERNEL32.DLL+0x11fe4]
C  [ntdll.dll+0x6f061]


---------------  P R O C E S S  ---------------

Java Threads: ( => current thread )

Other Threads:
  0x000001564b1d0000 GCTaskThread "GC Thread#0" [stack: 0x0000001cd7800000,0x0000001cd7900000] [id=17988]
  0x000001564b1d1800 GCTaskThread "GC Thread#1" [stack: 0x0000001cd7900000,0x0000001cd7a00000] [id=17380]
  0x000001564b1d3000 GCTaskThread "GC Thread#2" [stack: 0x0000001cd7a00000,0x0000001cd7b00000] [id=1716]
  0x000001564b1db000 GCTaskThread "GC Thread#3" [stack: 0x0000001cd7b00000,0x0000001cd7c00000] [id=6320]
  0x000001564b1e4800 GCTaskThread "GC Thread#4" [stack: 0x0000001cd7c00000,0x0000001cd7d00000] [id=17624]
  0x000001564b1e7800 GCTaskThread "GC Thread#5" [stack: 0x0000001cd7d00000,0x0000001cd7e00000] [id=12344]
  0x000001564b1e8000 GCTaskThread "GC Thread#6" [stack: 0x0000001cd7e00000,0x0000001cd7f00000] [id=7400]
  0x000001564b1e8800 GCTaskThread "GC Thread#7" [stack: 0x0000001cd7f00000,0x0000001cd8000000] [id=7424]
  0x000001564b255800 ConcurrentGCThread "G1 Main Marker" [stack: 0x0000001cd8900000,0x0000001cd8a00000] [id=18764]
  0x000001564b256000 ConcurrentGCThread "G1 Marker#0" [stack: 0x0000001cd8a00000,0x0000001cd8b00000] [id=17776]
  0x000001564b256800 ConcurrentGCThread "G1 Marker#1" [stack: 0x0000001cd8b00000,0x0000001cd8c00000] [id=1788]
  0x000001564b202000 ConcurrentGCThread "G1 Refine#0" [stack: 0x0000001cd8700000,0x0000001cd8800000] [id=18604]
  0x000001564b201800 ConcurrentGCThread "G1 Refine#1" [stack: 0x0000001cd8600000,0x0000001cd8700000] [id=17036]
  0x000001564b1ff800 ConcurrentGCThread "G1 Refine#2" [stack: 0x0000001cd8500000,0x0000001cd8600000] [id=11900]
  0x000001564b201000 ConcurrentGCThread "G1 Refine#3" [stack: 0x0000001cd8400000,0x0000001cd8500000] [id=10016]
  0x000001564b1f9800 ConcurrentGCThread "G1 Refine#4" [stack: 0x0000001cd8300000,0x0000001cd8400000] [id=2736]
  0x000001564b1ec800 ConcurrentGCThread "G1 Refine#5" [stack: 0x0000001cd8200000,0x0000001cd8300000] [id=19652]
  0x000001564b1eb800 ConcurrentGCThread "G1 Refine#6" [stack: 0x0000001cd8100000,0x0000001cd8200000] [id=11352]
  0x000001564b1ea800 ConcurrentGCThread "G1 Refine#7" [stack: 0x0000001cd8000000,0x0000001cd8100000] [id=18168]
  0x000001564b209000 ConcurrentGCThread "G1 Young RemSet Sampling" [stack: 0x0000001cd8800000,0x0000001cd8900000] [id=6128]

=>0x000001564b1b8800 (exited) JavaThread "Unknown thread" [_thread_in_vm, id=15740, stack(0x0000001cd7700000,0x0000001cd7800000)]

Threads with active compile tasks:

VM state:not at safepoint (not fully initialized)

VM Mutex/Monitor currently owned by a thread:  ([mutex/lock_event])
[0x000001564b1b64b0] Heap_lock - owner thread: 0x000001564b1b8800

Heap address: 0x00000006c6600000, size: 3994 MB, Compressed Oops mode: Non-zero based: 0x00000006c6600000
Narrow klass base: 0x0000000000000000, Narrow klass shift: 0

GC Heap History (0 events):
No events

Deoptimization events (0 events):
No events

Classes redefined (0 events):
No events

Internal exceptions (0 events):
No events

Events (0 events):
No events


Dynamic libraries:
0x00007ff630370000 - 0x00007ff6303ae000 	C:\Program Files\Java\jdk-9.0.4\bin\javaw.exe
0x00007fff84160000 - 0x00007fff84340000 	C:\WINDOWS\SYSTEM32\ntdll.dll
0x00007fff817e0000 - 0x00007fff8188e000 	C:\WINDOWS\System32\KERNEL32.DLL
0x00007fff80560000 - 0x00007fff807c6000 	C:\WINDOWS\System32\KERNELBASE.dll
0x00007fff82110000 - 0x00007fff821b1000 	C:\WINDOWS\System32\ADVAPI32.dll
0x00007fff81e20000 - 0x00007fff81ebd000 	C:\WINDOWS\System32\msvcrt.dll
0x00007fff81630000 - 0x00007fff8168b000 	C:\WINDOWS\System32\sechost.dll
0x00007fff82500000 - 0x00007fff8261f000 	C:\WINDOWS\System32\RPCRT4.dll
0x00007fff83c40000 - 0x00007fff83dcf000 	C:\WINDOWS\System32\USER32.dll
0x00007fff807d0000 - 0x00007fff807f0000 	C:\WINDOWS\System32\win32u.dll
0x00007fff826e0000 - 0x00007fff82708000 	C:\WINDOWS\System32\GDI32.dll
0x00007fff81220000 - 0x00007fff813b3000 	C:\WINDOWS\System32\gdi32full.dll
0x00007fff813c0000 - 0x00007fff8145b000 	C:\WINDOWS\System32\msvcp_win.dll
0x00007fff80900000 - 0x00007fff809f6000 	C:\WINDOWS\System32\ucrtbase.dll
0x00007fff73890000 - 0x00007fff73af9000 	C:\WINDOWS\WinSxS\amd64_microsoft.windows.common-controls_6595b64144ccf1df_6.0.16299.431_none_15c7d3ee93659e73\COMCTL32.dll
0x00007fff77920000 - 0x00007fff7792a000 	C:\WINDOWS\SYSTEM32\VERSION.dll
0x00007fff83dd0000 - 0x00007fff840d8000 	C:\WINDOWS\System32\combase.dll
0x00007fff80a00000 - 0x00007fff80a72000 	C:\WINDOWS\System32\bcryptPrimitives.dll
0x00007fff840e0000 - 0x00007fff8410d000 	C:\WINDOWS\System32\IMM32.DLL
0x00007fff52010000 - 0x00007fff520ff000 	C:\Program Files\Java\jdk-9.0.4\bin\msvcr120.dll
0x00007fff51f60000 - 0x00007fff52006000 	C:\Program Files\Java\jdk-9.0.4\bin\msvcp120.dll
0x00000000726d0000 - 0x00000000730f5000 	C:\Program Files\Java\jdk-9.0.4\bin\server\jvm.dll
0x00007fff82710000 - 0x00007fff82718000 	C:\WINDOWS\System32\PSAPI.DLL
0x00007fff7d6d0000 - 0x00007fff7d6f3000 	C:\WINDOWS\SYSTEM32\WINMM.dll
0x00007fff7f150000 - 0x00007fff7f159000 	C:\WINDOWS\SYSTEM32\WSOCK32.dll
0x00007fff81db0000 - 0x00007fff81e1c000 	C:\WINDOWS\System32\WS2_32.dll
0x00007fff7d670000 - 0x00007fff7d69a000 	C:\WINDOWS\SYSTEM32\WINMMBASE.dll
0x00007fff811d0000 - 0x00007fff8121a000 	C:\WINDOWS\System32\cfgmgr32.dll
0x00007fff7d440000 - 0x00007fff7d44f000 	C:\Program Files\Java\jdk-9.0.4\bin\verify.dll
0x00007fff5b5d0000 - 0x00007fff5b5f7000 	C:\Program Files\Java\jdk-9.0.4\bin\java.dll
0x00007fff7b450000 - 0x00007fff7b466000 	C:\Program Files\Java\jdk-9.0.4\bin\zip.dll
0x00007fff7b420000 - 0x00007fff7b42a000 	C:\Program Files\Java\jdk-9.0.4\bin\jimage.dll
0x00007fff7ee40000 - 0x00007fff7f008000 	C:\WINDOWS\SYSTEM32\dbghelp.dll

VM Arguments:
jvm_args: -Dmaven.home=EMBEDDED -Dclassworlds.conf=C:\Users\kam\selenium_tryouts\.metadata\.plugins\org.eclipse.m2e.launching\launches\m2conf16086691582103333065.tmp -Dmaven.multiModuleProjectDirectory=C:\Users\kam\selenium_tryouts\SeleniumBasic_JSON_DataDriven -Dfile.encoding=Cp1252 
java_command: org.codehaus.plexus.classworlds.launcher.Launcher -B clean
java_class_path (initial): C:\Users\kam\.p2\pool\plugins\org.eclipse.m2e.maven.runtime_1.8.2.20171007-0216\jars\plexus-classworlds-2.5.2.jar
Launcher Type: SUN_STANDARD

Logging:
Log output configuration:
#0: stdout all=warning uptime,level,tags
#1: stderr all=off uptime,level,tags

Environment Variables:
JAVA_HOME=C:\Program Files\Java\jdk-9.0.4\
PATH=C:/Program Files/Java/jdk-9.0.4//bin/server;C:/Program Files/Java/jdk-9.0.4//bin;C:\Users\kam\AppData\Roaming\npm\;C:\Program Files (x86)\Intel\iCLS Client\;C:\Program Files\Intel\iCLS Client\;C:\Program Files\Dell\DW WLAN Card;C:\WINDOWS\system32;C:\WINDOWS;C:\WINDOWS\System32\Wbem;C:\WINDOWS\System32\WindowsPowerShell\v1.0\;C:\Program Files (x86)\Intel\Intel(R) Management Engine Components\DAL;C:\Program Files\Intel\Intel(R) Management Engine Components\DAL;C:\Program Files (x86)\Intel\Intel(R) Management Engine Components\IPT;C:\Program Files\Intel\Intel(R) Management Engine Components\IPT;C:\Program Files\Microsoft SQL Server\130\Tools\Binn\;C:\Program Files\Microsoft SQL Server\Client SDK\ODBC\110\Tools\Binn\;C:\Program Files (x86)\Microsoft SQL Server\120\Tools\Binn\;C:\Program Files\Microsoft SQL Server\120\Tools\Binn\;C:\Program Files\Microsoft SQL Server\120\DTS\Binn\;C:\Program Files (x86)\Microsoft SQL Server\120\Tools\Binn\ManagementStudio\;C:\Program Files (x86)\Microsoft SQL Server\120\DTS\Binn\;C:\Program Files (x86)\Microsoft SQL Server\110\Tools\Binn\;C:\Program Files\Microsoft SQL Server\110\Tools\Binn\;C:\Program Files\Microsoft SQL Server\110\DTS\Binn\;C:\Program Files (x86)\Microsoft SQL Server\110\DTS\Binn\;C:\Program Files (x86)\Microsoft ASP.NET\ASP.NET Web Pages\v1.0\;C:\Program Files (x86)\Microsoft SQL Server\100\Tools\Binn\;C:\Program Files\Microsoft SQL Server\100\Tools\Binn\;C:\Program Files\Microsoft SQL Server\100\DTS\Binn\;C:\Program Files (x86)\Microsoft SQL Server\100\Tools\Binn\VSShell\Common7\IDE\;C:\Program Files (x86)\Microsoft Visual Studio 9.0\Common7\IDE\PrivateAssemblies\;C:\Program Files (x86)\Microsoft SQL Server\100\DTS\Binn\;C:\Program Files\TortoiseGit\bin;C:\chromedrv\;C:\Program Files\dotnet\;C:\Program Files\Git\cmd;C:\Program Files\nodejs;C:\Users\kam\AppData\Local\Android\Sdk\platform-tools;C:\Users\kam\AppData\Roaming\npm\webdriver-manager\;C:\Users\kam\AppData\Local\Android\Sdk\platform-tools;C:\Program Files\
USERNAME=kam
OS=Windows_NT
PROCESSOR_IDENTIFIER=Intel64 Family 6 Model 94 Stepping 3, GenuineIntel



---------------  S Y S T E M  ---------------

OS: Windows 10 , 64 bit Build 16299 (10.0.16299.431)

CPU:total 8 (initial active 8) (4 cores per cpu, 2 threads per core) family 6 model 94 stepping 3, cmov, cx8, fxsr, mmx, sse, sse2, sse3, ssse3, sse4.1, sse4.2, popcnt, avx, avx2, aes, clmul, erms, rtm, 3dnowpref, lzcnt, ht, tsc, tscinvbit, bmi1, bmi2, adx, fma

Memory: 4k page, physical 16354836k(579892k free), swap 20549140k(77456k free)

vm_info: Java HotSpot(TM) 64-Bit Server VM (9.0.4+11) for windows-amd64 JRE (9.0.4+11), built on Dec 20 2017 02:18:54 by "mach5one" with MS VC++ 12.0 (VS2013)

END.
