#
# There is insufficient memory for the Java Runtime Environment to continue.
# Native memory allocation (malloc) failed to allocate 799376 bytes for Chunk::new
# Possible reasons:
#   The system is out of physical RAM or swap space
#   The process is running with CompressedOops enabled, and the Java Heap may be blocking the growth of the native heap
# Possible solutions:
#   Reduce memory load on the system
#   Increase physical memory or swap space
#   Check if swap backing store is full
#   Decrease Java heap size (-Xmx/-Xms)
#   Decrease number of Java threads
#   Decrease Java thread stack sizes (-Xss)
#   Set larger code cache with -XX:ReservedCodeCacheSize=
#   JVM is running with Zero Based Compressed Oops mode in which the Java heap is
#     placed in the first 32GB address space. The Java Heap base address is the
#     maximum limit for the native heap growth. Please use -XX:HeapBaseMinAddress
#     to set the Java Heap base and to place the Java Heap above 32GB virtual address.
# This output file may be truncated or incomplete.
#
#  Out of Memory Error (t:/workspace/hotspot/src/share/vm/memory/allocation.cpp:372), pid=20696, tid=29652
#
# JRE version: Java(TM) SE Runtime Environment (9.0+11) (build 9.0.4+11)
# Java VM: Java HotSpot(TM) 64-Bit Server VM (9.0.4+11, mixed mode, tiered, compressed oops, g1 gc, windows-amd64)
# No core dump will be written. Minidumps are not enabled by default on client versions of Windows
#

---------------  S U M M A R Y ------------

Command Line: -ea -Dfile.encoding=Cp1252 org.eclipse.jdt.internal.junit.runner.RemoteTestRunner -version 3 -port 12212 -testLoaderClass org.eclipse.jdt.internal.junit4.runner.JUnit4TestLoader -loaderpluginname org.eclipse.jdt.junit4.runtime -classNames JUnitRunner

Host: Intel(R) Core(TM) i7-6700HQ CPU @ 2.60GHz, 8 cores, 15G,  Windows 10 , 64 bit Build 16299 (10.0.16299.431)
Time: Thu Jun 07 14:09:10 2018 Sri Lanka Standard Time elapsed time: 1 seconds (0d 0h 0m 1s)

---------------  T H R E A D  ---------------

Current thread (0x000002447250c800):  JavaThread "C2 CompilerThread1" daemon [_thread_in_native, id=29652, stack(0x0000004996e00000,0x0000004996f00000)]


Current CompileTask:
C2:   1468 1753       4       java.net.URLStreamHandler::parseURL (1201 bytes)

Stack: [0x0000004996e00000,0x0000004996f00000]
Native frames: (J=compiled Java code, j=interpreted, Vv=VM code, C=native code)
V  [jvm.dll+0x587068]
V  [jvm.dll+0x69c25e]
V  [jvm.dll+0x69d17a]
V  [jvm.dll+0x69d7b3]
V  [jvm.dll+0x21d198]
V  [jvm.dll+0xa7aac]
V  [jvm.dll+0xa83ec]
V  [jvm.dll+0x320ef5]
V  [jvm.dll+0x2e7aaa]
V  [jvm.dll+0x2e703a]
V  [jvm.dll+0x1e9ae1]
V  [jvm.dll+0x1e8d86]
V  [jvm.dll+0x1691cb]
V  [jvm.dll+0x1f6570]
V  [jvm.dll+0x1f51f6]
V  [jvm.dll+0x66b44f]
V  [jvm.dll+0x586490]
C  [msvcr120.dll+0x24f7f]
C  [msvcr120.dll+0x25126]
C  [KERNEL32.DLL+0x11fe4]
C  [ntdll.dll+0x6f061]


---------------  P R O C E S S  ---------------

Java Threads: ( => current thread )
  0x0000024474067000 JavaThread "Exec Stream Pumper" daemon [_thread_in_native, id=29664, stack(0x0000004997a00000,0x0000004997b00000)]
  0x0000024474665800 JavaThread "Exec Stream Pumper" daemon [_thread_in_native, id=27708, stack(0x0000004997900000,0x0000004997a00000)]
  0x00000244737f6000 JavaThread "UrlChecker-2" daemon [_thread_in_native, id=27164, stack(0x0000004997700000,0x0000004997800000)]
  0x0000024472ffe000 JavaThread "Exec Default Executor" daemon [_thread_in_native, id=5896, stack(0x0000004997600000,0x0000004997700000)]
  0x0000024472b2e000 JavaThread "ReaderThread" [_thread_in_native, id=5204, stack(0x0000004997500000,0x0000004997600000)]
  0x0000024472719800 JavaThread "Service Thread" daemon [_thread_blocked, id=14636, stack(0x0000004997300000,0x0000004997400000)]
  0x00000244725ec000 JavaThread "Common-Cleaner" daemon [_thread_blocked, id=13936, stack(0x0000004997200000,0x0000004997300000)]
  0x0000024472531800 JavaThread "Sweeper thread" daemon [_thread_blocked, id=25784, stack(0x0000004997100000,0x0000004997200000)]
  0x000002447251c800 JavaThread "C1 CompilerThread3" daemon [_thread_blocked, id=17464, stack(0x0000004997000000,0x0000004997100000)]
  0x0000024472515800 JavaThread "C2 CompilerThread2" daemon [_thread_blocked, id=15904, stack(0x0000004996f00000,0x0000004997000000)]
=>0x000002447250c800 JavaThread "C2 CompilerThread1" daemon [_thread_in_native, id=29652, stack(0x0000004996e00000,0x0000004996f00000)]
  0x000002447250c000 JavaThread "C2 CompilerThread0" daemon [_thread_blocked, id=13680, stack(0x0000004996d00000,0x0000004996e00000)]
  0x0000024472505000 JavaThread "Attach Listener" daemon [_thread_blocked, id=7572, stack(0x0000004996c00000,0x0000004996d00000)]
  0x0000024472502800 JavaThread "Signal Dispatcher" daemon [_thread_blocked, id=7484, stack(0x0000004996b00000,0x0000004996c00000)]
  0x00000244724b9800 JavaThread "Finalizer" daemon [_thread_blocked, id=21384, stack(0x0000004996900000,0x0000004996a00000)]
  0x0000024471ca0800 JavaThread "Reference Handler" daemon [_thread_blocked, id=27396, stack(0x0000004996800000,0x0000004996900000)]
  0x0000024449ad3000 JavaThread "Forwarding newSession on session null to remote" [_thread_blocked, id=13444, stack(0x0000004995200000,0x0000004995300000)]

Other Threads:
  0x0000024471c9c000 VMThread "VM Thread" [stack: 0x0000004996700000,0x0000004996800000] [id=22876]
  0x0000024472720000 WatcherThread [stack: 0x0000004997400000,0x0000004997500000] [id=14592]
  0x0000024449aea000 GCTaskThread "GC Thread#0" [stack: 0x0000004995300000,0x0000004995400000] [id=24944]
  0x0000024449aeb000 GCTaskThread "GC Thread#1" [stack: 0x0000004995400000,0x0000004995500000] [id=13424]
  0x0000024449aed800 GCTaskThread "GC Thread#2" [stack: 0x0000004995500000,0x0000004995600000] [id=16292]
  0x0000024449af4800 GCTaskThread "GC Thread#3" [stack: 0x0000004995600000,0x0000004995700000] [id=28364]
  0x0000024449af9000 GCTaskThread "GC Thread#4" [stack: 0x0000004995700000,0x0000004995800000] [id=16756]
  0x0000024449b07800 GCTaskThread "GC Thread#5" [stack: 0x0000004995800000,0x0000004995900000] [id=29392]
  0x0000024449b06800 GCTaskThread "GC Thread#6" [stack: 0x0000004995900000,0x0000004995a00000] [id=8500]
  0x0000024449b01800 GCTaskThread "GC Thread#7" [stack: 0x0000004995a00000,0x0000004995b00000] [id=13408]
  0x0000024449b75000 ConcurrentGCThread "G1 Main Marker" [stack: 0x0000004996400000,0x0000004996500000] [id=2676]
  0x0000024449b07000 ConcurrentGCThread "G1 Marker#0" [stack: 0x0000004996500000,0x0000004996600000] [id=22272]
  0x0000024449b03000 ConcurrentGCThread "G1 Marker#1" [stack: 0x0000004996600000,0x0000004996700000] [id=16312]
  0x0000024449b25800 ConcurrentGCThread "G1 Refine#0" [stack: 0x0000004996200000,0x0000004996300000] [id=26308]
  0x0000024449b23800 ConcurrentGCThread "G1 Refine#1" [stack: 0x0000004996100000,0x0000004996200000] [id=13456]
  0x0000024449b1a800 ConcurrentGCThread "G1 Refine#2" [stack: 0x0000004996000000,0x0000004996100000] [id=13116]
  0x0000024449b11800 ConcurrentGCThread "G1 Refine#3" [stack: 0x0000004995f00000,0x0000004996000000] [id=15864]
  0x0000024449b0f800 ConcurrentGCThread "G1 Refine#4" [stack: 0x0000004995e00000,0x0000004995f00000] [id=23384]
  0x0000024449b0c800 ConcurrentGCThread "G1 Refine#5" [stack: 0x0000004995d00000,0x0000004995e00000] [id=11172]
  0x0000024449b0b800 ConcurrentGCThread "G1 Refine#6" [stack: 0x0000004995c00000,0x0000004995d00000] [id=26360]
  0x0000024449b0a800 ConcurrentGCThread "G1 Refine#7" [stack: 0x0000004995b00000,0x0000004995c00000] [id=2188]
  0x0000024449b28800 ConcurrentGCThread "G1 Young RemSet Sampling" [stack: 0x0000004996300000,0x0000004996400000] [id=14524]

Threads with active compile tasks:
C2 CompilerThread11753       4       java.net.URLStreamHandler::parseURL (1201 bytes)

VM state:not at safepoint (normal execution)

VM Mutex/Monitor currently owned by a thread: None

Heap address: 0x00000006c6600000, size: 3994 MB, Compressed Oops mode: Zero based, Oop shift amount: 3
Narrow klass base: 0x0000000000000000, Narrow klass shift: 3
Compressed class space size: 1073741824 Address: 0x00000007c0000000

Heap:
 garbage-first heap   total 256000K, used 43050K [0x00000006c6600000, 0x00000006c67007d0, 0x00000007c0000000)
  region size 1024K, 41 young (41984K), 3 survivors (3072K)
 Metaspace       used 18131K, capacity 18688K, committed 18944K, reserved 1067008K
  class space    used 2121K, capacity 2280K, committed 2304K, reserved 1048576K
Heap Regions: E=young(eden), S=young(survivor), O=old, HS=humongous(starts), HC=humongous(continues), CS=collection set, F=free, A=archive, TS=gc time stamp, AC=allocation context, TAMS=top-at-mark-start (previous, next)
|   0|0x00000006c6600000, 0x00000006c6700000, 0x00000006c6700000|100%| O|  |TS  1|AC  0|TAMS 0x00000006c6600000, 0x00000006c6600000|
|   1|0x00000006c6700000, 0x00000006c6800000, 0x00000006c6800000|100%| O|  |TS  1|AC  0|TAMS 0x00000006c6700000, 0x00000006c6700000|
|   2|0x00000006c6800000, 0x00000006c680aa00, 0x00000006c6900000|  4%| O|  |TS  1|AC  0|TAMS 0x00000006c6800000, 0x00000006c6800000|
|   3|0x00000006c6900000, 0x00000006c6900000, 0x00000006c6a00000|  0%| F|  |TS  0|AC  0|TAMS 0x00000006c6900000, 0x00000006c6900000|
|   4|0x00000006c6a00000, 0x00000006c6a00000, 0x00000006c6b00000|  0%| F|  |TS  0|AC  0|TAMS 0x00000006c6a00000, 0x00000006c6a00000|
|   5|0x00000006c6b00000, 0x00000006c6b00000, 0x00000006c6c00000|  0%| F|  |TS  0|AC  0|TAMS 0x00000006c6b00000, 0x00000006c6b00000|
|   6|0x00000006c6c00000, 0x00000006c6c00000, 0x00000006c6d00000|  0%| F|  |TS  0|AC  0|TAMS 0x00000006c6c00000, 0x00000006c6c00000|
|   7|0x00000006c6d00000, 0x00000006c6d00000, 0x00000006c6e00000|  0%| F|  |TS  0|AC  0|TAMS 0x00000006c6d00000, 0x00000006c6d00000|
|   8|0x00000006c6e00000, 0x00000006c6e00000, 0x00000006c6f00000|  0%| F|  |TS  0|AC  0|TAMS 0x00000006c6e00000, 0x00000006c6e00000|
|   9|0x00000006c6f00000, 0x00000006c6f00000, 0x00000006c7000000|  0%| F|  |TS  0|AC  0|TAMS 0x00000006c6f00000, 0x00000006c6f00000|
|  10|0x00000006c7000000, 0x00000006c7000000, 0x00000006c7100000|  0%| F|  |TS  0|AC  0|TAMS 0x00000006c7000000, 0x00000006c7000000|
|  11|0x00000006c7100000, 0x00000006c7100000, 0x00000006c7200000|  0%| F|  |TS  0|AC  0|TAMS 0x00000006c7100000, 0x00000006c7100000|
|  12|0x00000006c7200000, 0x00000006c7200000, 0x00000006c7300000|  0%| F|  |TS  0|AC  0|TAMS 0x00000006c7200000, 0x00000006c7200000|
|  13|0x00000006c7300000, 0x00000006c7300000, 0x00000006c7400000|  0%| F|  |TS  0|AC  0|TAMS 0x00000006c7300000, 0x00000006c7300000|
|  14|0x00000006c7400000, 0x00000006c7400000, 0x00000006c7500000|  0%| F|  |TS  0|AC  0|TAMS 0x00000006c7400000, 0x00000006c7400000|
|  15|0x00000006c7500000, 0x00000006c7500000, 0x00000006c7600000|  0%| F|  |TS  0|AC  0|TAMS 0x00000006c7500000, 0x00000006c7500000|
|  16|0x00000006c7600000, 0x00000006c7600000, 0x00000006c7700000|  0%| F|  |TS  0|AC  0|TAMS 0x00000006c7600000, 0x00000006c7600000|
|  17|0x00000006c7700000, 0x00000006c7700000, 0x00000006c7800000|  0%| F|  |TS  0|AC  0|TAMS 0x00000006c7700000, 0x00000006c7700000|
|  18|0x00000006c7800000, 0x00000006c7800000, 0x00000006c7900000|  0%| F|  |TS  0|AC  0|TAMS 0x00000006c7800000, 0x00000006c7800000|
|  19|0x00000006c7900000, 0x00000006c7900000, 0x00000006c7a00000|  0%| F|  |TS  0|AC  0|TAMS 0x00000006c7900000, 0x00000006c7900000|
|  20|0x00000006c7a00000, 0x00000006c7a00000, 0x00000006c7b00000|  0%| F|  |TS  0|AC  0|TAMS 0x00000006c7a00000, 0x00000006c7a00000|
|  21|0x00000006c7b00000, 0x00000006c7b00000, 0x00000006c7c00000|  0%| F|  |TS  0|AC  0|TAMS 0x00000006c7b00000, 0x00000006c7b00000|
|  22|0x00000006c7c00000, 0x00000006c7c00000, 0x00000006c7d00000|  0%| F|  |TS  0|AC  0|TAMS 0x00000006c7c00000, 0x00000006c7c00000|
|  23|0x00000006c7d00000, 0x00000006c7d00000, 0x00000006c7e00000|  0%| F|  |TS  0|AC  0|TAMS 0x00000006c7d00000, 0x00000006c7d00000|
|  24|0x00000006c7e00000, 0x00000006c7e00000, 0x00000006c7f00000|  0%| F|  |TS  0|AC  0|TAMS 0x00000006c7e00000, 0x00000006c7e00000|
|  25|0x00000006c7f00000, 0x00000006c7f00000, 0x00000006c8000000|  0%| F|  |TS  0|AC  0|TAMS 0x00000006c7f00000, 0x00000006c7f00000|
|  26|0x00000006c8000000, 0x00000006c8000000, 0x00000006c8100000|  0%| F|  |TS  0|AC  0|TAMS 0x00000006c8000000, 0x00000006c8000000|
|  27|0x00000006c8100000, 0x00000006c8100000, 0x00000006c8200000|  0%| F|  |TS  0|AC  0|TAMS 0x00000006c8100000, 0x00000006c8100000|
|  28|0x00000006c8200000, 0x00000006c8200000, 0x00000006c8300000|  0%| F|  |TS  0|AC  0|TAMS 0x00000006c8200000, 0x00000006c8200000|
|  29|0x00000006c8300000, 0x00000006c8300000, 0x00000006c8400000|  0%| F|  |TS  0|AC  0|TAMS 0x00000006c8300000, 0x00000006c8300000|
|  30|0x00000006c8400000, 0x00000006c8400000, 0x00000006c8500000|  0%| F|  |TS  0|AC  0|TAMS 0x00000006c8400000, 0x00000006c8400000|
|  31|0x00000006c8500000, 0x00000006c8500000, 0x00000006c8600000|  0%| F|  |TS  0|AC  0|TAMS 0x00000006c8500000, 0x00000006c8500000|
|  32|0x00000006c8600000, 0x00000006c8600000, 0x00000006c8700000|  0%| F|  |TS  0|AC  0|TAMS 0x00000006c8600000, 0x00000006c8600000|
|  33|0x00000006c8700000, 0x00000006c8700000, 0x00000006c8800000|  0%| F|  |TS  0|AC  0|TAMS 0x00000006c8700000, 0x00000006c8700000|
|  34|0x00000006c8800000, 0x00000006c8800000, 0x00000006c8900000|  0%| F|  |TS  0|AC  0|TAMS 0x00000006c8800000, 0x00000006c8800000|
|  35|0x00000006c8900000, 0x00000006c8900000, 0x00000006c8a00000|  0%| F|  |TS  0|AC  0|TAMS 0x00000006c8900000, 0x00000006c8900000|
|  36|0x00000006c8a00000, 0x00000006c8a00000, 0x00000006c8b00000|  0%| F|  |TS  0|AC  0|TAMS 0x00000006c8a00000, 0x00000006c8a00000|
|  37|0x00000006c8b00000, 0x00000006c8b00000, 0x00000006c8c00000|  0%| F|  |TS  0|AC  0|TAMS 0x00000006c8b00000, 0x00000006c8b00000|
|  38|0x00000006c8c00000, 0x00000006c8c00000, 0x00000006c8d00000|  0%| F|  |TS  0|AC  0|TAMS 0x00000006c8c00000, 0x00000006c8c00000|
|  39|0x00000006c8d00000, 0x00000006c8d00000, 0x00000006c8e00000|  0%| F|  |TS  0|AC  0|TAMS 0x00000006c8d00000, 0x00000006c8d00000|
|  40|0x00000006c8e00000, 0x00000006c8e00000, 0x00000006c8f00000|  0%| F|  |TS  0|AC  0|TAMS 0x00000006c8e00000, 0x00000006c8e00000|
|  41|0x00000006c8f00000, 0x00000006c8f00000, 0x00000006c9000000|  0%| F|  |TS  0|AC  0|TAMS 0x00000006c8f00000, 0x00000006c8f00000|
|  42|0x00000006c9000000, 0x00000006c9000000, 0x00000006c9100000|  0%| F|  |TS  0|AC  0|TAMS 0x00000006c9000000, 0x00000006c9000000|
|  43|0x00000006c9100000, 0x00000006c9100000, 0x00000006c9200000|  0%| F|  |TS  0|AC  0|TAMS 0x00000006c9100000, 0x00000006c9100000|
|  44|0x00000006c9200000, 0x00000006c9200000, 0x00000006c9300000|  0%| F|  |TS  0|AC  0|TAMS 0x00000006c9200000, 0x00000006c9200000|
|  45|0x00000006c9300000, 0x00000006c9300000, 0x00000006c9400000|  0%| F|  |TS  0|AC  0|TAMS 0x00000006c9300000, 0x00000006c9300000|
|  46|0x00000006c9400000, 0x00000006c9400000, 0x00000006c9500000|  0%| F|  |TS  0|AC  0|TAMS 0x00000006c9400000, 0x00000006c9400000|
|  47|0x00000006c9500000, 0x00000006c9500000, 0x00000006c9600000|  0%| F|  |TS  0|AC  0|TAMS 0x00000006c9500000, 0x00000006c9500000|
|  48|0x00000006c9600000, 0x00000006c9600000, 0x00000006c9700000|  0%| F|  |TS  0|AC  0|TAMS 0x00000006c9600000, 0x00000006c9600000|
|  49|0x00000006c9700000, 0x00000006c9700000, 0x00000006c9800000|  0%| F|  |TS  0|AC  0|TAMS 0x00000006c9700000, 0x00000006c9700000|
|  50|0x00000006c9800000, 0x00000006c9800000, 0x00000006c9900000|  0%| F|  |TS  0|AC  0|TAMS 0x00000006c9800000, 0x00000006c9800000|
|  51|0x00000006c9900000, 0x00000006c9900000, 0x00000006c9a00000|  0%| F|  |TS  0|AC  0|TAMS 0x00000006c9900000, 0x00000006c9900000|
|  52|0x00000006c9a00000, 0x00000006c9a00000, 0x00000006c9b00000|  0%| F|  |TS  0|AC  0|TAMS 0x00000006c9a00000, 0x00000006c9a00000|
|  53|0x00000006c9b00000, 0x00000006c9b00000, 0x00000006c9c00000|  0%| F|  |TS  0|AC  0|TAMS 0x00000006c9b00000, 0x00000006c9b00000|
|  54|0x00000006c9c00000, 0x00000006c9c00000, 0x00000006c9d00000|  0%| F|  |TS  0|AC  0|TAMS 0x00000006c9c00000, 0x00000006c9c00000|
|  55|0x00000006c9d00000, 0x00000006c9d00000, 0x00000006c9e00000|  0%| F|  |TS  0|AC  0|TAMS 0x00000006c9d00000, 0x00000006c9d00000|
|  56|0x00000006c9e00000, 0x00000006c9e00000, 0x00000006c9f00000|  0%| F|  |TS  0|AC  0|TAMS 0x00000006c9e00000, 0x00000006c9e00000|
|  57|0x00000006c9f00000, 0x00000006c9f00000, 0x00000006ca000000|  0%| F|  |TS  0|AC  0|TAMS 0x00000006c9f00000, 0x00000006c9f00000|
|  58|0x00000006ca000000, 0x00000006ca000000, 0x00000006ca100000|  0%| F|  |TS  0|AC  0|TAMS 0x00000006ca000000, 0x00000006ca000000|
|  59|0x00000006ca100000, 0x00000006ca100000, 0x00000006ca200000|  0%| F|  |TS  0|AC  0|TAMS 0x00000006ca100000, 0x00000006ca100000|
|  60|0x00000006ca200000, 0x00000006ca200000, 0x00000006ca300000|  0%| F|  |TS  0|AC  0|TAMS 0x00000006ca200000, 0x00000006ca200000|
|  61|0x00000006ca300000, 0x00000006ca300000, 0x00000006ca400000|  0%| F|  |TS  0|AC  0|TAMS 0x00000006ca300000, 0x00000006ca300000|
|  62|0x00000006ca400000, 0x00000006ca400000, 0x00000006ca500000|  0%| F|  |TS  0|AC  0|TAMS 0x00000006ca400000, 0x00000006ca400000|
|  63|0x00000006ca500000, 0x00000006ca500000, 0x00000006ca600000|  0%| F|  |TS  0|AC  0|TAMS 0x00000006ca500000, 0x00000006ca500000|
|  64|0x00000006ca600000, 0x00000006ca600000, 0x00000006ca700000|  0%| F|  |TS  0|AC  0|TAMS 0x00000006ca600000, 0x00000006ca600000|
|  65|0x00000006ca700000, 0x00000006ca700000, 0x00000006ca800000|  0%| F|  |TS  0|AC  0|TAMS 0x00000006ca700000, 0x00000006ca700000|
|  66|0x00000006ca800000, 0x00000006ca800000, 0x00000006ca900000|  0%| F|  |TS  0|AC  0|TAMS 0x00000006ca800000, 0x00000006ca800000|
|  67|0x00000006ca900000, 0x00000006ca900000, 0x00000006caa00000|  0%| F|  |TS  0|AC  0|TAMS 0x00000006ca900000, 0x00000006ca900000|
|  68|0x00000006caa00000, 0x00000006caa00000, 0x00000006cab00000|  0%| F|  |TS  0|AC  0|TAMS 0x00000006caa00000, 0x00000006caa00000|
|  69|0x00000006cab00000, 0x00000006cab00000, 0x00000006cac00000|  0%| F|  |TS  0|AC  0|TAMS 0x00000006cab00000, 0x00000006cab00000|
|  70|0x00000006cac00000, 0x00000006cac00000, 0x00000006cad00000|  0%| F|  |TS  0|AC  0|TAMS 0x00000006cac00000, 0x00000006cac00000|
|  71|0x00000006cad00000, 0x00000006cad00000, 0x00000006cae00000|  0%| F|  |TS  0|AC  0|TAMS 0x00000006cad00000, 0x00000006cad00000|
|  72|0x00000006cae00000, 0x00000006cae00000, 0x00000006caf00000|  0%| F|  |TS  0|AC  0|TAMS 0x00000006cae00000, 0x00000006cae00000|
|  73|0x00000006caf00000, 0x00000006caf00000, 0x00000006cb000000|  0%| F|  |TS  0|AC  0|TAMS 0x00000006caf00000, 0x00000006caf00000|
|  74|0x00000006cb000000, 0x00000006cb000000, 0x00000006cb100000|  0%| F|  |TS  0|AC  0|TAMS 0x00000006cb000000, 0x00000006cb000000|
|  75|0x00000006cb100000, 0x00000006cb100000, 0x00000006cb200000|  0%| F|  |TS  0|AC  0|TAMS 0x00000006cb100000, 0x00000006cb100000|
|  76|0x00000006cb200000, 0x00000006cb200000, 0x00000006cb300000|  0%| F|  |TS  0|AC  0|TAMS 0x00000006cb200000, 0x00000006cb200000|
|  77|0x00000006cb300000, 0x00000006cb300000, 0x00000006cb400000|  0%| F|  |TS  0|AC  0|TAMS 0x00000006cb300000, 0x00000006cb300000|
|  78|0x00000006cb400000, 0x00000006cb400000, 0x00000006cb500000|  0%| F|  |TS  0|AC  0|TAMS 0x00000006cb400000, 0x00000006cb400000|
|  79|0x00000006cb500000, 0x00000006cb500000, 0x00000006cb600000|  0%| F|  |TS  0|AC  0|TAMS 0x00000006cb500000, 0x00000006cb500000|
|  80|0x00000006cb600000, 0x00000006cb600000, 0x00000006cb700000|  0%| F|  |TS  0|AC  0|TAMS 0x00000006cb600000, 0x00000006cb600000|
|  81|0x00000006cb700000, 0x00000006cb700000, 0x00000006cb800000|  0%| F|  |TS  0|AC  0|TAMS 0x00000006cb700000, 0x00000006cb700000|
|  82|0x00000006cb800000, 0x00000006cb800000, 0x00000006cb900000|  0%| F|  |TS  0|AC  0|TAMS 0x00000006cb800000, 0x00000006cb800000|
|  83|0x00000006cb900000, 0x00000006cb900000, 0x00000006cba00000|  0%| F|  |TS  0|AC  0|TAMS 0x00000006cb900000, 0x00000006cb900000|
|  84|0x00000006cba00000, 0x00000006cba00000, 0x00000006cbb00000|  0%| F|  |TS  0|AC  0|TAMS 0x00000006cba00000, 0x00000006cba00000|
|  85|0x00000006cbb00000, 0x00000006cbb00000, 0x00000006cbc00000|  0%| F|  |TS  0|AC  0|TAMS 0x00000006cbb00000, 0x00000006cbb00000|
|  86|0x00000006cbc00000, 0x00000006cbc00000, 0x00000006cbd00000|  0%| F|  |TS  0|AC  0|TAMS 0x00000006cbc00000, 0x00000006cbc00000|
|  87|0x00000006cbd00000, 0x00000006cbd00000, 0x00000006cbe00000|  0%| F|  |TS  0|AC  0|TAMS 0x00000006cbd00000, 0x00000006cbd00000|
|  88|0x00000006cbe00000, 0x00000006cbe00000, 0x00000006cbf00000|  0%| F|  |TS  0|AC  0|TAMS 0x00000006cbe00000, 0x00000006cbe00000|
|  89|0x00000006cbf00000, 0x00000006cbf00000, 0x00000006cc000000|  0%| F|  |TS  0|AC  0|TAMS 0x00000006cbf00000, 0x00000006cbf00000|
|  90|0x00000006cc000000, 0x00000006cc000000, 0x00000006cc100000|  0%| F|  |TS  0|AC  0|TAMS 0x00000006cc000000, 0x00000006cc000000|
|  91|0x00000006cc100000, 0x00000006cc100000, 0x00000006cc200000|  0%| F|  |TS  0|AC  0|TAMS 0x00000006cc100000, 0x00000006cc100000|
|  92|0x00000006cc200000, 0x00000006cc200000, 0x00000006cc300000|  0%| F|  |TS  0|AC  0|TAMS 0x00000006cc200000, 0x00000006cc200000|
|  93|0x00000006cc300000, 0x00000006cc300000, 0x00000006cc400000|  0%| F|  |TS  0|AC  0|TAMS 0x00000006cc300000, 0x00000006cc300000|
|  94|0x00000006cc400000, 0x00000006cc400000, 0x00000006cc500000|  0%| F|  |TS  0|AC  0|TAMS 0x00000006cc400000, 0x00000006cc400000|
|  95|0x00000006cc500000, 0x00000006cc500000, 0x00000006cc600000|  0%| F|  |TS  0|AC  0|TAMS 0x00000006cc500000, 0x00000006cc500000|
|  96|0x00000006cc600000, 0x00000006cc600000, 0x00000006cc700000|  0%| F|  |TS  0|AC  0|TAMS 0x00000006cc600000, 0x00000006cc600000|
|  97|0x00000006cc700000, 0x00000006cc700000, 0x00000006cc800000|  0%| F|  |TS  0|AC  0|TAMS 0x00000006cc700000, 0x00000006cc700000|
|  98|0x00000006cc800000, 0x00000006cc800000, 0x00000006cc900000|  0%| F|  |TS  0|AC  0|TAMS 0x00000006cc800000, 0x00000006cc800000|
|  99|0x00000006cc900000, 0x00000006cc900000, 0x00000006cca00000|  0%| F|  |TS  0|AC  0|TAMS 0x00000006cc900000, 0x00000006cc900000|
| 100|0x00000006cca00000, 0x00000006cca00000, 0x00000006ccb00000|  0%| F|  |TS  0|AC  0|TAMS 0x00000006cca00000, 0x00000006cca00000|
| 101|0x00000006ccb00000, 0x00000006ccb00000, 0x00000006ccc00000|  0%| F|  |TS  0|AC  0|TAMS 0x00000006ccb00000, 0x00000006ccb00000|
| 102|0x00000006ccc00000, 0x00000006ccc00000, 0x00000006ccd00000|  0%| F|  |TS  0|AC  0|TAMS 0x00000006ccc00000, 0x00000006ccc00000|
| 103|0x00000006ccd00000, 0x00000006ccd00000, 0x00000006cce00000|  0%| F|  |TS  0|AC  0|TAMS 0x00000006ccd00000, 0x00000006ccd00000|
| 104|0x00000006cce00000, 0x00000006cce00000, 0x00000006ccf00000|  0%| F|  |TS  0|AC  0|TAMS 0x00000006cce00000, 0x00000006cce00000|
| 105|0x00000006ccf00000, 0x00000006ccf00000, 0x00000006cd000000|  0%| F|  |TS  0|AC  0|TAMS 0x00000006ccf00000, 0x00000006ccf00000|
| 106|0x00000006cd000000, 0x00000006cd000000, 0x00000006cd100000|  0%| F|  |TS  0|AC  0|TAMS 0x00000006cd000000, 0x00000006cd000000|
| 107|0x00000006cd100000, 0x00000006cd100000, 0x00000006cd200000|  0%| F|  |TS  0|AC  0|TAMS 0x00000006cd100000, 0x00000006cd100000|
| 108|0x00000006cd200000, 0x00000006cd200000, 0x00000006cd300000|  0%| F|  |TS  0|AC  0|TAMS 0x00000006cd200000, 0x00000006cd200000|
| 109|0x00000006cd300000, 0x00000006cd300000, 0x00000006cd400000|  0%| F|  |TS  0|AC  0|TAMS 0x00000006cd300000, 0x00000006cd300000|
| 110|0x00000006cd400000, 0x00000006cd400000, 0x00000006cd500000|  0%| F|  |TS  0|AC  0|TAMS 0x00000006cd400000, 0x00000006cd400000|
| 111|0x00000006cd500000, 0x00000006cd500000, 0x00000006cd600000|  0%| F|  |TS  0|AC  0|TAMS 0x00000006cd500000, 0x00000006cd500000|
| 112|0x00000006cd600000, 0x00000006cd600000, 0x00000006cd700000|  0%| F|  |TS  0|AC  0|TAMS 0x00000006cd600000, 0x00000006cd600000|
| 113|0x00000006cd700000, 0x00000006cd700000, 0x00000006cd800000|  0%| F|  |TS  0|AC  0|TAMS 0x00000006cd700000, 0x00000006cd700000|
| 114|0x00000006cd800000, 0x00000006cd800000, 0x00000006cd900000|  0%| F|  |TS  0|AC  0|TAMS 0x00000006cd800000, 0x00000006cd800000|
| 115|0x00000006cd900000, 0x00000006cd900000, 0x00000006cda00000|  0%| F|  |TS  0|AC  0|TAMS 0x00000006cd900000, 0x00000006cd900000|
| 116|0x00000006cda00000, 0x00000006cda00000, 0x00000006cdb00000|  0%| F|  |TS  0|AC  0|TAMS 0x00000006cda00000, 0x00000006cda00000|
| 117|0x00000006cdb00000, 0x00000006cdb00000, 0x00000006cdc00000|  0%| F|  |TS  0|AC  0|TAMS 0x00000006cdb00000, 0x00000006cdb00000|
| 118|0x00000006cdc00000, 0x00000006cdc00000, 0x00000006cdd00000|  0%| F|  |TS  0|AC  0|TAMS 0x00000006cdc00000, 0x00000006cdc00000|
| 119|0x00000006cdd00000, 0x00000006cdd00000, 0x00000006cde00000|  0%| F|  |TS  0|AC  0|TAMS 0x00000006cdd00000, 0x00000006cdd00000|
| 120|0x00000006cde00000, 0x00000006cde00000, 0x00000006cdf00000|  0%| F|  |TS  0|AC  0|TAMS 0x00000006cde00000, 0x00000006cde00000|
| 121|0x00000006cdf00000, 0x00000006cdf00000, 0x00000006ce000000|  0%| F|  |TS  0|AC  0|TAMS 0x00000006cdf00000, 0x00000006cdf00000|
| 122|0x00000006ce000000, 0x00000006ce000000, 0x00000006ce100000|  0%| F|  |TS  0|AC  0|TAMS 0x00000006ce000000, 0x00000006ce000000|
| 123|0x00000006ce100000, 0x00000006ce100000, 0x00000006ce200000|  0%| F|  |TS  0|AC  0|TAMS 0x00000006ce100000, 0x00000006ce100000|
| 124|0x00000006ce200000, 0x00000006ce200000, 0x00000006ce300000|  0%| F|  |TS  0|AC  0|TAMS 0x00000006ce200000, 0x00000006ce200000|
| 125|0x00000006ce300000, 0x00000006ce300000, 0x00000006ce400000|  0%| F|  |TS  0|AC  0|TAMS 0x00000006ce300000, 0x00000006ce300000|
| 126|0x00000006ce400000, 0x00000006ce400000, 0x00000006ce500000|  0%| F|  |TS  0|AC  0|TAMS 0x00000006ce400000, 0x00000006ce400000|
| 127|0x00000006ce500000, 0x00000006ce500000, 0x00000006ce600000|  0%| F|  |TS  0|AC  0|TAMS 0x00000006ce500000, 0x00000006ce500000|
| 128|0x00000006ce600000, 0x00000006ce600000, 0x00000006ce700000|  0%| F|  |TS  0|AC  0|TAMS 0x00000006ce600000, 0x00000006ce600000|
| 129|0x00000006ce700000, 0x00000006ce700000, 0x00000006ce800000|  0%| F|  |TS  0|AC  0|TAMS 0x00000006ce700000, 0x00000006ce700000|
| 130|0x00000006ce800000, 0x00000006ce800000, 0x00000006ce900000|  0%| F|  |TS  0|AC  0|TAMS 0x00000006ce800000, 0x00000006ce800000|
| 131|0x00000006ce900000, 0x00000006ce900000, 0x00000006cea00000|  0%| F|  |TS  0|AC  0|TAMS 0x00000006ce900000, 0x00000006ce900000|
| 132|0x00000006cea00000, 0x00000006cea00000, 0x00000006ceb00000|  0%| F|  |TS  0|AC  0|TAMS 0x00000006cea00000, 0x00000006cea00000|
| 133|0x00000006ceb00000, 0x00000006ceb00000, 0x00000006cec00000|  0%| F|  |TS  0|AC  0|TAMS 0x00000006ceb00000, 0x00000006ceb00000|
| 134|0x00000006cec00000, 0x00000006cec00000, 0x00000006ced00000|  0%| F|  |TS  0|AC  0|TAMS 0x00000006cec00000, 0x00000006cec00000|
| 135|0x00000006ced00000, 0x00000006ced00000, 0x00000006cee00000|  0%| F|  |TS  0|AC  0|TAMS 0x00000006ced00000, 0x00000006ced00000|
| 136|0x00000006cee00000, 0x00000006cee00000, 0x00000006cef00000|  0%| F|  |TS  0|AC  0|TAMS 0x00000006cee00000, 0x00000006cee00000|
| 137|0x00000006cef00000, 0x00000006cef00000, 0x00000006cf000000|  0%| F|  |TS  0|AC  0|TAMS 0x00000006cef00000, 0x00000006cef00000|
| 138|0x00000006cf000000, 0x00000006cf000000, 0x00000006cf100000|  0%| F|  |TS  0|AC  0|TAMS 0x00000006cf000000, 0x00000006cf000000|
| 139|0x00000006cf100000, 0x00000006cf100000, 0x00000006cf200000|  0%| F|  |TS  0|AC  0|TAMS 0x00000006cf100000, 0x00000006cf100000|
| 140|0x00000006cf200000, 0x00000006cf200000, 0x00000006cf300000|  0%| F|  |TS  0|AC  0|TAMS 0x00000006cf200000, 0x00000006cf200000|
| 141|0x00000006cf300000, 0x00000006cf300000, 0x00000006cf400000|  0%| F|  |TS  0|AC  0|TAMS 0x00000006cf300000, 0x00000006cf300000|
| 142|0x00000006cf400000, 0x00000006cf400000, 0x00000006cf500000|  0%| F|  |TS  0|AC  0|TAMS 0x00000006cf400000, 0x00000006cf400000|
| 143|0x00000006cf500000, 0x00000006cf500000, 0x00000006cf600000|  0%| F|  |TS  0|AC  0|TAMS 0x00000006cf500000, 0x00000006cf500000|
| 144|0x00000006cf600000, 0x00000006cf600000, 0x00000006cf700000|  0%| F|  |TS  0|AC  0|TAMS 0x00000006cf600000, 0x00000006cf600000|
| 145|0x00000006cf700000, 0x00000006cf700000, 0x00000006cf800000|  0%| F|  |TS  0|AC  0|TAMS 0x00000006cf700000, 0x00000006cf700000|
| 146|0x00000006cf800000, 0x00000006cf800000, 0x00000006cf900000|  0%| F|  |TS  0|AC  0|TAMS 0x00000006cf800000, 0x00000006cf800000|
| 147|0x00000006cf900000, 0x00000006cf900000, 0x00000006cfa00000|  0%| F|  |TS  0|AC  0|TAMS 0x00000006cf900000, 0x00000006cf900000|
| 148|0x00000006cfa00000, 0x00000006cfa00000, 0x00000006cfb00000|  0%| F|  |TS  0|AC  0|TAMS 0x00000006cfa00000, 0x00000006cfa00000|
| 149|0x00000006cfb00000, 0x00000006cfb00000, 0x00000006cfc00000|  0%| F|  |TS  0|AC  0|TAMS 0x00000006cfb00000, 0x00000006cfb00000|
| 150|0x00000006cfc00000, 0x00000006cfc00000, 0x00000006cfd00000|  0%| F|  |TS  0|AC  0|TAMS 0x00000006cfc00000, 0x00000006cfc00000|
| 151|0x00000006cfd00000, 0x00000006cfd00000, 0x00000006cfe00000|  0%| F|  |TS  0|AC  0|TAMS 0x00000006cfd00000, 0x00000006cfd00000|
| 152|0x00000006cfe00000, 0x00000006cfe00000, 0x00000006cff00000|  0%| F|  |TS  0|AC  0|TAMS 0x00000006cfe00000, 0x00000006cfe00000|
| 153|0x00000006cff00000, 0x00000006cff00000, 0x00000006d0000000|  0%| F|  |TS  0|AC  0|TAMS 0x00000006cff00000, 0x00000006cff00000|
| 154|0x00000006d0000000, 0x00000006d0000000, 0x00000006d0100000|  0%| F|  |TS  0|AC  0|TAMS 0x00000006d0000000, 0x00000006d0000000|
| 155|0x00000006d0100000, 0x00000006d0100000, 0x00000006d0200000|  0%| F|  |TS  0|AC  0|TAMS 0x00000006d0100000, 0x00000006d0100000|
| 156|0x00000006d0200000, 0x00000006d0200000, 0x00000006d0300000|  0%| F|  |TS  0|AC  0|TAMS 0x00000006d0200000, 0x00000006d0200000|
| 157|0x00000006d0300000, 0x00000006d0300000, 0x00000006d0400000|  0%| F|  |TS  0|AC  0|TAMS 0x00000006d0300000, 0x00000006d0300000|
| 158|0x00000006d0400000, 0x00000006d0400000, 0x00000006d0500000|  0%| F|  |TS  0|AC  0|TAMS 0x00000006d0400000, 0x00000006d0400000|
| 159|0x00000006d0500000, 0x00000006d0500000, 0x00000006d0600000|  0%| F|  |TS  0|AC  0|TAMS 0x00000006d0500000, 0x00000006d0500000|
| 160|0x00000006d0600000, 0x00000006d0600000, 0x00000006d0700000|  0%| F|  |TS  0|AC  0|TAMS 0x00000006d0600000, 0x00000006d0600000|
| 161|0x00000006d0700000, 0x00000006d0700000, 0x00000006d0800000|  0%| F|  |TS  0|AC  0|TAMS 0x00000006d0700000, 0x00000006d0700000|
| 162|0x00000006d0800000, 0x00000006d0800000, 0x00000006d0900000|  0%| F|  |TS  0|AC  0|TAMS 0x00000006d0800000, 0x00000006d0800000|
| 163|0x00000006d0900000, 0x00000006d0900000, 0x00000006d0a00000|  0%| F|  |TS  0|AC  0|TAMS 0x00000006d0900000, 0x00000006d0900000|
| 164|0x00000006d0a00000, 0x00000006d0a00000, 0x00000006d0b00000|  0%| F|  |TS  0|AC  0|TAMS 0x00000006d0a00000, 0x00000006d0a00000|
| 165|0x00000006d0b00000, 0x00000006d0b00000, 0x00000006d0c00000|  0%| F|  |TS  0|AC  0|TAMS 0x00000006d0b00000, 0x00000006d0b00000|
| 166|0x00000006d0c00000, 0x00000006d0c00000, 0x00000006d0d00000|  0%| F|  |TS  0|AC  0|TAMS 0x00000006d0c00000, 0x00000006d0c00000|
| 167|0x00000006d0d00000, 0x00000006d0d00000, 0x00000006d0e00000|  0%| F|  |TS  0|AC  0|TAMS 0x00000006d0d00000, 0x00000006d0d00000|
| 168|0x00000006d0e00000, 0x00000006d0e00000, 0x00000006d0f00000|  0%| F|  |TS  0|AC  0|TAMS 0x00000006d0e00000, 0x00000006d0e00000|
| 169|0x00000006d0f00000, 0x00000006d0f00000, 0x00000006d1000000|  0%| F|  |TS  0|AC  0|TAMS 0x00000006d0f00000, 0x00000006d0f00000|
| 170|0x00000006d1000000, 0x00000006d1000000, 0x00000006d1100000|  0%| F|  |TS  0|AC  0|TAMS 0x00000006d1000000, 0x00000006d1000000|
| 171|0x00000006d1100000, 0x00000006d1100000, 0x00000006d1200000|  0%| F|  |TS  0|AC  0|TAMS 0x00000006d1100000, 0x00000006d1100000|
| 172|0x00000006d1200000, 0x00000006d1200000, 0x00000006d1300000|  0%| F|  |TS  0|AC  0|TAMS 0x00000006d1200000, 0x00000006d1200000|
| 173|0x00000006d1300000, 0x00000006d1300000, 0x00000006d1400000|  0%| F|  |TS  0|AC  0|TAMS 0x00000006d1300000, 0x00000006d1300000|
| 174|0x00000006d1400000, 0x00000006d1400000, 0x00000006d1500000|  0%| F|  |TS  0|AC  0|TAMS 0x00000006d1400000, 0x00000006d1400000|
| 175|0x00000006d1500000, 0x00000006d1500000, 0x00000006d1600000|  0%| F|  |TS  0|AC  0|TAMS 0x00000006d1500000, 0x00000006d1500000|
| 176|0x00000006d1600000, 0x00000006d1600000, 0x00000006d1700000|  0%| F|  |TS  0|AC  0|TAMS 0x00000006d1600000, 0x00000006d1600000|
| 177|0x00000006d1700000, 0x00000006d1700000, 0x00000006d1800000|  0%| F|  |TS  0|AC  0|TAMS 0x00000006d1700000, 0x00000006d1700000|
| 178|0x00000006d1800000, 0x00000006d1800000, 0x00000006d1900000|  0%| F|  |TS  0|AC  0|TAMS 0x00000006d1800000, 0x00000006d1800000|
| 179|0x00000006d1900000, 0x00000006d1900000, 0x00000006d1a00000|  0%| F|  |TS  0|AC  0|TAMS 0x00000006d1900000, 0x00000006d1900000|
| 180|0x00000006d1a00000, 0x00000006d1a00000, 0x00000006d1b00000|  0%| F|  |TS  0|AC  0|TAMS 0x00000006d1a00000, 0x00000006d1a00000|
| 181|0x00000006d1b00000, 0x00000006d1b00000, 0x00000006d1c00000|  0%| F|  |TS  0|AC  0|TAMS 0x00000006d1b00000, 0x00000006d1b00000|
| 182|0x00000006d1c00000, 0x00000006d1c00000, 0x00000006d1d00000|  0%| F|  |TS  0|AC  0|TAMS 0x00000006d1c00000, 0x00000006d1c00000|
| 183|0x00000006d1d00000, 0x00000006d1d00000, 0x00000006d1e00000|  0%| F|  |TS  0|AC  0|TAMS 0x00000006d1d00000, 0x00000006d1d00000|
| 184|0x00000006d1e00000, 0x00000006d1e00000, 0x00000006d1f00000|  0%| F|  |TS  0|AC  0|TAMS 0x00000006d1e00000, 0x00000006d1e00000|
| 185|0x00000006d1f00000, 0x00000006d1f00000, 0x00000006d2000000|  0%| F|  |TS  0|AC  0|TAMS 0x00000006d1f00000, 0x00000006d1f00000|
| 186|0x00000006d2000000, 0x00000006d2000000, 0x00000006d2100000|  0%| F|  |TS  0|AC  0|TAMS 0x00000006d2000000, 0x00000006d2000000|
| 187|0x00000006d2100000, 0x00000006d2100000, 0x00000006d2200000|  0%| F|  |TS  0|AC  0|TAMS 0x00000006d2100000, 0x00000006d2100000|
| 188|0x00000006d2200000, 0x00000006d2200000, 0x00000006d2300000|  0%| F|  |TS  0|AC  0|TAMS 0x00000006d2200000, 0x00000006d2200000|
| 189|0x00000006d2300000, 0x00000006d2300000, 0x00000006d2400000|  0%| F|  |TS  0|AC  0|TAMS 0x00000006d2300000, 0x00000006d2300000|
| 190|0x00000006d2400000, 0x00000006d2400000, 0x00000006d2500000|  0%| F|  |TS  0|AC  0|TAMS 0x00000006d2400000, 0x00000006d2400000|
| 191|0x00000006d2500000, 0x00000006d2500000, 0x00000006d2600000|  0%| F|  |TS  0|AC  0|TAMS 0x00000006d2500000, 0x00000006d2500000|
| 192|0x00000006d2600000, 0x00000006d2600000, 0x00000006d2700000|  0%| F|  |TS  0|AC  0|TAMS 0x00000006d2600000, 0x00000006d2600000|
| 193|0x00000006d2700000, 0x00000006d2700000, 0x00000006d2800000|  0%| F|  |TS  0|AC  0|TAMS 0x00000006d2700000, 0x00000006d2700000|
| 194|0x00000006d2800000, 0x00000006d2800000, 0x00000006d2900000|  0%| F|  |TS  0|AC  0|TAMS 0x00000006d2800000, 0x00000006d2800000|
| 195|0x00000006d2900000, 0x00000006d2900000, 0x00000006d2a00000|  0%| F|  |TS  0|AC  0|TAMS 0x00000006d2900000, 0x00000006d2900000|
| 196|0x00000006d2a00000, 0x00000006d2a00000, 0x00000006d2b00000|  0%| F|  |TS  0|AC  0|TAMS 0x00000006d2a00000, 0x00000006d2a00000|
| 197|0x00000006d2b00000, 0x00000006d2b00000, 0x00000006d2c00000|  0%| F|  |TS  0|AC  0|TAMS 0x00000006d2b00000, 0x00000006d2b00000|
| 198|0x00000006d2c00000, 0x00000006d2c00000, 0x00000006d2d00000|  0%| F|  |TS  0|AC  0|TAMS 0x00000006d2c00000, 0x00000006d2c00000|
| 199|0x00000006d2d00000, 0x00000006d2d00000, 0x00000006d2e00000|  0%| F|  |TS  0|AC  0|TAMS 0x00000006d2d00000, 0x00000006d2d00000|
| 200|0x00000006d2e00000, 0x00000006d2e00000, 0x00000006d2f00000|  0%| F|  |TS  0|AC  0|TAMS 0x00000006d2e00000, 0x00000006d2e00000|
| 201|0x00000006d2f00000, 0x00000006d2f00000, 0x00000006d3000000|  0%| F|  |TS  0|AC  0|TAMS 0x00000006d2f00000, 0x00000006d2f00000|
| 202|0x00000006d3000000, 0x00000006d3000000, 0x00000006d3100000|  0%| F|  |TS  0|AC  0|TAMS 0x00000006d3000000, 0x00000006d3000000|
| 203|0x00000006d3100000, 0x00000006d3100000, 0x00000006d3200000|  0%| F|  |TS  0|AC  0|TAMS 0x00000006d3100000, 0x00000006d3100000|
| 204|0x00000006d3200000, 0x00000006d3200000, 0x00000006d3300000|  0%| F|  |TS  0|AC  0|TAMS 0x00000006d3200000, 0x00000006d3200000|
| 205|0x00000006d3300000, 0x00000006d3300000, 0x00000006d3400000|  0%| F|  |TS  0|AC  0|TAMS 0x00000006d3300000, 0x00000006d3300000|
| 206|0x00000006d3400000, 0x00000006d3400000, 0x00000006d3500000|  0%| F|  |TS  0|AC  0|TAMS 0x00000006d3400000, 0x00000006d3400000|
| 207|0x00000006d3500000, 0x00000006d3500000, 0x00000006d3600000|  0%| F|  |TS  0|AC  0|TAMS 0x00000006d3500000, 0x00000006d3500000|
| 208|0x00000006d3600000, 0x00000006d3600000, 0x00000006d3700000|  0%| F|  |TS  0|AC  0|TAMS 0x00000006d3600000, 0x00000006d3600000|
| 209|0x00000006d3700000, 0x00000006d377f800, 0x00000006d3800000| 49%| E|  |TS  0|AC  0|TAMS 0x00000006d3700000, 0x00000006d3700000|
| 210|0x00000006d3800000, 0x00000006d3900000, 0x00000006d3900000|100%| E|CS|TS  0|AC  0|TAMS 0x00000006d3800000, 0x00000006d3800000|
| 211|0x00000006d3900000, 0x00000006d3a00000, 0x00000006d3a00000|100%| E|CS|TS  0|AC  0|TAMS 0x00000006d3900000, 0x00000006d3900000|
| 212|0x00000006d3a00000, 0x00000006d3b00000, 0x00000006d3b00000|100%| E|CS|TS  0|AC  0|TAMS 0x00000006d3a00000, 0x00000006d3a00000|
| 213|0x00000006d3b00000, 0x00000006d3c00000, 0x00000006d3c00000|100%| E|CS|TS  0|AC  0|TAMS 0x00000006d3b00000, 0x00000006d3b00000|
| 214|0x00000006d3c00000, 0x00000006d3d00000, 0x00000006d3d00000|100%| E|CS|TS  0|AC  0|TAMS 0x00000006d3c00000, 0x00000006d3c00000|
| 215|0x00000006d3d00000, 0x00000006d3e00000, 0x00000006d3e00000|100%| E|CS|TS  0|AC  0|TAMS 0x00000006d3d00000, 0x00000006d3d00000|
| 216|0x00000006d3e00000, 0x00000006d3f00000, 0x00000006d3f00000|100%| E|CS|TS  0|AC  0|TAMS 0x00000006d3e00000, 0x00000006d3e00000|
| 217|0x00000006d3f00000, 0x00000006d4000000, 0x00000006d4000000|100%| E|CS|TS  0|AC  0|TAMS 0x00000006d3f00000, 0x00000006d3f00000|
| 218|0x00000006d4000000, 0x00000006d4100000, 0x00000006d4100000|100%| E|CS|TS  0|AC  0|TAMS 0x00000006d4000000, 0x00000006d4000000|
| 219|0x00000006d4100000, 0x00000006d4200000, 0x00000006d4200000|100%| E|CS|TS  0|AC  0|TAMS 0x00000006d4100000, 0x00000006d4100000|
| 220|0x00000006d4200000, 0x00000006d4300000, 0x00000006d4300000|100%| E|CS|TS  0|AC  0|TAMS 0x00000006d4200000, 0x00000006d4200000|
| 221|0x00000006d4300000, 0x00000006d4400000, 0x00000006d4400000|100%| E|CS|TS  0|AC  0|TAMS 0x00000006d4300000, 0x00000006d4300000|
| 222|0x00000006d4400000, 0x00000006d4500000, 0x00000006d4500000|100%| E|CS|TS  0|AC  0|TAMS 0x00000006d4400000, 0x00000006d4400000|
| 223|0x00000006d4500000, 0x00000006d4600000, 0x00000006d4600000|100%| S|CS|TS  1|AC  0|TAMS 0x00000006d4500000, 0x00000006d4500000|
| 224|0x00000006d4600000, 0x00000006d4700000, 0x00000006d4700000|100%| S|CS|TS  1|AC  0|TAMS 0x00000006d4600000, 0x00000006d4600000|
| 225|0x00000006d4700000, 0x00000006d4800000, 0x00000006d4800000|100%| S|CS|TS  1|AC  0|TAMS 0x00000006d4700000, 0x00000006d4700000|
| 226|0x00000006d4800000, 0x00000006d4900000, 0x00000006d4900000|100%| E|CS|TS  1|AC  0|TAMS 0x00000006d4800000, 0x00000006d4800000|
| 227|0x00000006d4900000, 0x00000006d4a00000, 0x00000006d4a00000|100%| E|CS|TS  1|AC  0|TAMS 0x00000006d4900000, 0x00000006d4900000|
| 228|0x00000006d4a00000, 0x00000006d4b00000, 0x00000006d4b00000|100%| E|CS|TS  1|AC  0|TAMS 0x00000006d4a00000, 0x00000006d4a00000|
| 229|0x00000006d4b00000, 0x00000006d4c00000, 0x00000006d4c00000|100%| E|CS|TS  1|AC  0|TAMS 0x00000006d4b00000, 0x00000006d4b00000|
| 230|0x00000006d4c00000, 0x00000006d4d00000, 0x00000006d4d00000|100%| E|CS|TS  1|AC  0|TAMS 0x00000006d4c00000, 0x00000006d4c00000|
| 231|0x00000006d4d00000, 0x00000006d4e00000, 0x00000006d4e00000|100%| E|CS|TS  1|AC  0|TAMS 0x00000006d4d00000, 0x00000006d4d00000|
| 232|0x00000006d4e00000, 0x00000006d4f00000, 0x00000006d4f00000|100%| E|CS|TS  1|AC  0|TAMS 0x00000006d4e00000, 0x00000006d4e00000|
| 233|0x00000006d4f00000, 0x00000006d5000000, 0x00000006d5000000|100%| E|CS|TS  1|AC  0|TAMS 0x00000006d4f00000, 0x00000006d4f00000|
| 234|0x00000006d5000000, 0x00000006d5100000, 0x00000006d5100000|100%| E|CS|TS  1|AC  0|TAMS 0x00000006d5000000, 0x00000006d5000000|
| 235|0x00000006d5100000, 0x00000006d5200000, 0x00000006d5200000|100%| E|CS|TS  1|AC  0|TAMS 0x00000006d5100000, 0x00000006d5100000|
| 236|0x00000006d5200000, 0x00000006d5300000, 0x00000006d5300000|100%| E|CS|TS  1|AC  0|TAMS 0x00000006d5200000, 0x00000006d5200000|
| 237|0x00000006d5300000, 0x00000006d5400000, 0x00000006d5400000|100%| E|CS|TS  1|AC  0|TAMS 0x00000006d5300000, 0x00000006d5300000|
| 238|0x00000006d5400000, 0x00000006d5500000, 0x00000006d5500000|100%| E|CS|TS  1|AC  0|TAMS 0x00000006d5400000, 0x00000006d5400000|
| 239|0x00000006d5500000, 0x00000006d5600000, 0x00000006d5600000|100%| E|CS|TS  1|AC  0|TAMS 0x00000006d5500000, 0x00000006d5500000|
| 240|0x00000006d5600000, 0x00000006d5700000, 0x00000006d5700000|100%| E|CS|TS  1|AC  0|TAMS 0x00000006d5600000, 0x00000006d5600000|
| 241|0x00000006d5700000, 0x00000006d5800000, 0x00000006d5800000|100%| E|CS|TS  1|AC  0|TAMS 0x00000006d5700000, 0x00000006d5700000|
| 242|0x00000006d5800000, 0x00000006d5900000, 0x00000006d5900000|100%| E|CS|TS  1|AC  0|TAMS 0x00000006d5800000, 0x00000006d5800000|
| 243|0x00000006d5900000, 0x00000006d5a00000, 0x00000006d5a00000|100%| E|CS|TS  1|AC  0|TAMS 0x00000006d5900000, 0x00000006d5900000|
| 244|0x00000006d5a00000, 0x00000006d5b00000, 0x00000006d5b00000|100%| E|CS|TS  1|AC  0|TAMS 0x00000006d5a00000, 0x00000006d5a00000|
| 245|0x00000006d5b00000, 0x00000006d5c00000, 0x00000006d5c00000|100%| E|CS|TS  1|AC  0|TAMS 0x00000006d5b00000, 0x00000006d5b00000|
| 246|0x00000006d5c00000, 0x00000006d5d00000, 0x00000006d5d00000|100%| E|CS|TS  1|AC  0|TAMS 0x00000006d5c00000, 0x00000006d5c00000|
| 247|0x00000006d5d00000, 0x00000006d5e00000, 0x00000006d5e00000|100%| E|CS|TS  1|AC  0|TAMS 0x00000006d5d00000, 0x00000006d5d00000|
| 248|0x00000006d5e00000, 0x00000006d5f00000, 0x00000006d5f00000|100%| E|CS|TS  1|AC  0|TAMS 0x00000006d5e00000, 0x00000006d5e00000|
| 249|0x00000006d5f00000, 0x00000006d6000000, 0x00000006d6000000|100%| E|CS|TS  1|AC  0|TAMS 0x00000006d5f00000, 0x00000006d5f00000|

Card table byte_map: [0x00000244663b0000,0x0000024466b80000] byte_map_base: 0x0000024462d7d000

Marking Bits (Prev, Next): (CMBitMap*) 0x0000024449b74650, (CMBitMap*) 0x0000024449b74688
 Prev Bits: [0x0000024467350000, 0x000002446b1b8000)
 Next Bits: [0x000002446b1c0000, 0x000002446f028000)

Polling page: 0x0000024447820000

CodeHeap 'non-profiled nmethods': size=120000Kb used=768Kb max_used=768Kb free=119231Kb
 bounds [0x000002445d480000, 0x000002445d6f0000, 0x00000244649b0000]
CodeHeap 'profiled nmethods': size=120000Kb used=3804Kb max_used=3804Kb free=116195Kb
 bounds [0x0000024455f50000, 0x0000024456310000, 0x000002445d480000]
CodeHeap 'non-nmethods': size=5760Kb used=1263Kb max_used=1283Kb free=4496Kb
 bounds [0x00000244559b0000, 0x0000024455c20000, 0x0000024455f50000]
 total_blobs=2652 nmethods=1791 adapters=347
 compilation: enabled

Compilation events (10 events):
Event: 1.457 Thread 0x000002447251c800 nmethod 1765 0x00000244562f4390 code [0x00000244562f4540, 0x00000244562f47b0]
Event: 1.459 Thread 0x000002447251c800 1767       3       java.lang.String::split (324 bytes)
Event: 1.463 Thread 0x000002447251c800 nmethod 1767 0x00000244562f4890 code [0x00000244562f4ec0, 0x00000244562f9860]
Event: 1.463 Thread 0x000002447251c800 1769       1       java.util.logging.LogManager$LoggerContext::getOwner (5 bytes)
Event: 1.463 Thread 0x000002447251c800 nmethod 1769 0x000002445d53e210 code [0x000002445d53e3c0, 0x000002445d53e4d8]
Event: 1.463 Thread 0x000002447251c800 1766       3       java.lang.String::split (7 bytes)
Event: 1.463 Thread 0x000002447251c800 nmethod 1766 0x00000244562fad10 code [0x00000244562faec0, 0x00000244562fb0d0]
Event: 1.463 Thread 0x000002447251c800 1768       1       java.lang.invoke.InfoFromMemberName::getReferenceKind (5 bytes)
Event: 1.463 Thread 0x000002447251c800 nmethod 1768 0x000002445d53e590 code [0x000002445d53e740, 0x000002445d53e858]
Event: 1.465 Thread 0x000002447251c800 1770   !   3       java.lang.StringCoding$StringEncoder::encode (266 bytes)

GC Heap History (2 events):
Event: 0.613 GC heap before
{Heap before GC invocations=0 (full 0):
 garbage-first heap   total 256000K, used 24576K [0x00000006c6600000, 0x00000006c67007d0, 0x00000007c0000000)
  region size 1024K, 24 young (24576K), 0 survivors (0K)
 Metaspace       used 10849K, capacity 11016K, committed 11264K, reserved 1058816K
  class space    used 1177K, capacity 1216K, committed 1280K, reserved 1048576K
}
Event: 0.618 GC heap after
{Heap after GC invocations=1 (full 0):
 garbage-first heap   total 256000K, used 5162K [0x00000006c6600000, 0x00000006c67007d0, 0x00000007c0000000)
  region size 1024K, 3 young (3072K), 3 survivors (3072K)
 Metaspace       used 10849K, capacity 11016K, committed 11264K, reserved 1058816K
  class space    used 1177K, capacity 1216K, committed 1280K, reserved 1048576K
}

Deoptimization events (10 events):
Event: 1.120 Thread 0x0000024449ad3000 Uncommon trap: reason=bimorphic_or_optimized_type_check action=maybe_recompile pc=0x000002445d4fcf8c method=java.net.URL.<init>(Ljava/net/URL;Ljava/lang/String;Ljava/net/URLStreamHandler;)V @ 507 c2
Event: 1.175 Thread 0x0000024449ad3000 Uncommon trap: reason=class_check action=maybe_recompile pc=0x000002445d4ae6b4 method=java.util.HashMap.putVal(ILjava/lang/Object;Ljava/lang/Object;ZZ)Ljava/lang/Object; @ 203 c2
Event: 1.175 Thread 0x0000024449ad3000 Uncommon trap: reason=class_check action=maybe_recompile pc=0x000002445d4ae6b4 method=java.util.HashMap.putVal(ILjava/lang/Object;Ljava/lang/Object;ZZ)Ljava/lang/Object; @ 203 c2
Event: 1.175 Thread 0x0000024449ad3000 Uncommon trap: reason=class_check action=maybe_recompile pc=0x000002445d4ae6b4 method=java.util.HashMap.putVal(ILjava/lang/Object;Ljava/lang/Object;ZZ)Ljava/lang/Object; @ 203 c2
Event: 1.178 Thread 0x0000024449ad3000 Uncommon trap: reason=class_check action=maybe_recompile pc=0x000002445d4ae6b4 method=java.util.HashMap.putVal(ILjava/lang/Object;Ljava/lang/Object;ZZ)Ljava/lang/Object; @ 203 c2
Event: 1.210 Thread 0x0000024449ad3000 Uncommon trap: reason=unstable_if action=reinterpret pc=0x000002445d50e880 method=java.util.LinkedHashMap.get(Ljava/lang/Object;)Ljava/lang/Object; @ 20 c2
Event: 1.264 Thread 0x0000024449ad3000 Uncommon trap: reason=bimorphic_or_optimized_type_check action=maybe_recompile pc=0x000002445d4fcf8c method=java.net.URL.<init>(Ljava/net/URL;Ljava/lang/String;Ljava/net/URLStreamHandler;)V @ 507 c2
Event: 1.449 Thread 0x0000024449ad3000 Uncommon trap: reason=unstable_if action=reinterpret pc=0x000002445d4d7698 method=java.lang.String.replace(CC)Ljava/lang/String; @ 2 c2
Event: 1.450 Thread 0x0000024449ad3000 Uncommon trap: reason=bimorphic_or_optimized_type_check action=maybe_recompile pc=0x000002445d4fcf8c method=java.net.URL.<init>(Ljava/net/URL;Ljava/lang/String;Ljava/net/URLStreamHandler;)V @ 507 c2
Event: 1.466 Thread 0x00000244737f6000 Uncommon trap: reason=unstable_if action=reinterpret pc=0x000002445d522a04 method=java.lang.CharacterDataLatin1.digit(II)I @ 82 c2

Classes redefined (0 events):
No events

Internal exceptions (10 events):
Event: 1.246 Thread 0x0000024449ad3000 Exception <a 'java/lang/NoSuchMethodError'{0x00000006d3d24c18}: method resolution failed> (0x00000006d3d24c18) thrown at [t:/workspace/hotspot/src/share/vm/prims/methodHandles.cpp, line 1256]
Event: 1.247 Thread 0x0000024449ad3000 Exception <a 'java/lang/NoSuchMethodError'{0x00000006d3d285d0}: java.lang.invoke.DirectMethodHandle$Holder.invokeStaticInit(Ljava/lang/Object;Ljava/lang/Object;Ljava/lang/Object;Ljava/lang/Object;)I> (0x00000006d3d285d0) thrown at [t:/workspace/hotspot/sr
Event: 1.247 Thread 0x0000024449ad3000 Exception <a 'java/lang/IncompatibleClassChangeError'{0x00000006d3d319b0}: Found class java.lang.Object, but interface was expected> (0x00000006d3d319b0) thrown at [t:/workspace/hotspot/src/share/vm/interpreter/linkResolver.cpp, line 793]
Event: 1.248 Thread 0x0000024449ad3000 Exception <a 'java/lang/NoSuchMethodError'{0x00000006d3d34cb0}: java.lang.invoke.DirectMethodHandle$Holder.invokeStaticInit(Ljava/lang/Object;Ljava/lang/Object;)V> (0x00000006d3d34cb0) thrown at [t:/workspace/hotspot/src/share/vm/interpreter/linkResolver.
Event: 1.248 Thread 0x0000024449ad3000 Exception <a 'java/lang/NoSuchMethodError'{0x00000006d3d3a258}: java.lang.invoke.DirectMethodHandle$Holder.invokeStaticInit(Ljava/lang/Object;Ljava/lang/Object;)I> (0x00000006d3d3a258) thrown at [t:/workspace/hotspot/src/share/vm/interpreter/linkResolver.
Event: 1.255 Thread 0x0000024449ad3000 Exception <a 'java/lang/NoSuchMethodError'{0x00000006d3d6e510}: method resolution failed> (0x00000006d3d6e510) thrown at [t:/workspace/hotspot/src/share/vm/prims/methodHandles.cpp, line 1256]
Event: 1.256 Thread 0x0000024449ad3000 Exception <a 'java/lang/NoSuchMethodError'{0x00000006d3d71cc0}: java.lang.invoke.DirectMethodHandle$Holder.invokeStaticInit(Ljava/lang/Object;IIII)Ljava/lang/Object;> (0x00000006d3d71cc0) thrown at [t:/workspace/hotspot/src/share/vm/interpreter/linkResolv
Event: 1.257 Thread 0x0000024449ad3000 Exception <a 'sun/nio/fs/WindowsException'{0x00000006d3d78140}> (0x00000006d3d78140) thrown at [t:/workspace/hotspot/src/share/vm/prims/jni.cpp, line 604]
Event: 1.411 Thread 0x0000024449ad3000 Exception <a 'java/lang/NoSuchMethodError'{0x00000006d3cc8428}: method resolution failed> (0x00000006d3cc8428) thrown at [t:/workspace/hotspot/src/share/vm/prims/methodHandles.cpp, line 1256]
Event: 1.412 Thread 0x0000024449ad3000 Exception <a 'java/lang/NoSuchMethodError'{0x00000006d3ccbca0}: java.lang.invoke.DirectMethodHandle$Holder.invokeStaticInit(Ljava/lang/Object;Ljava/lang/Object;IIII)Ljava/lang/Object;> (0x00000006d3ccbca0) thrown at [t:/workspace/hotspot/src/share/vm/inte

Events (10 events):
Event: 1.465 loading class sun/net/www/http/KeepAliveCache done
Event: 1.465 loading class sun/net/www/http/KeepAliveKey
Event: 1.465 loading class sun/net/www/http/KeepAliveKey done
Event: 1.465 loading class sun/net/www/http/HttpCapture
Event: 1.465 loading class sun/net/www/http/HttpCapture done
Event: 1.465 loading class sun/net/www/http/HttpCapture$1
Event: 1.465 loading class sun/net/www/http/HttpCapture$1 done
Event: 1.466 Thread 0x00000244737f6000 Uncommon trap: trap_request=0xffffff5d fr.pc=0x000002445d522a04 relative=0x00000000000000e4
Event: 1.466 Thread 0x00000244737f6000 DEOPT PACKING pc=0x000002445d522a04 sp=0x00000049977feba0
Event: 1.466 Thread 0x00000244737f6000 DEOPT UNPACKING pc=0x00000244559fdf29 sp=0x00000049977fea48 mode 2


Dynamic libraries:
0x00007ff789e80000 - 0x00007ff789ebe000 	C:\Program Files\Java\jdk-9.0.4\bin\javaw.exe
0x00007ffe7ecc0000 - 0x00007ffe7eea0000 	C:\WINDOWS\SYSTEM32\ntdll.dll
0x00007ffe7e900000 - 0x00007ffe7e9ae000 	C:\WINDOWS\System32\KERNEL32.DLL
0x00007ffe7b3b0000 - 0x00007ffe7b616000 	C:\WINDOWS\System32\KERNELBASE.dll
0x00007ffe7e9d0000 - 0x00007ffe7ea71000 	C:\WINDOWS\System32\ADVAPI32.dll
0x00007ffe7c950000 - 0x00007ffe7c9ed000 	C:\WINDOWS\System32\msvcrt.dll
0x00007ffe7c4d0000 - 0x00007ffe7c52b000 	C:\WINDOWS\System32\sechost.dll
0x00007ffe7eb70000 - 0x00007ffe7ec8f000 	C:\WINDOWS\System32\RPCRT4.dll
0x00007ffe7c2e0000 - 0x00007ffe7c46f000 	C:\WINDOWS\System32\USER32.dll
0x00007ffe7b290000 - 0x00007ffe7b2b0000 	C:\WINDOWS\System32\win32u.dll
0x00007ffe7eb40000 - 0x00007ffe7eb68000 	C:\WINDOWS\System32\GDI32.dll
0x00007ffe7b6c0000 - 0x00007ffe7b853000 	C:\WINDOWS\System32\gdi32full.dll
0x00007ffe7b620000 - 0x00007ffe7b6bb000 	C:\WINDOWS\System32\msvcp_win.dll
0x00007ffe7b860000 - 0x00007ffe7b956000 	C:\WINDOWS\System32\ucrtbase.dll
0x00007ffe6ec50000 - 0x00007ffe6eeb9000 	C:\WINDOWS\WinSxS\amd64_microsoft.windows.common-controls_6595b64144ccf1df_6.0.16299.431_none_15c7d3ee93659e73\COMCTL32.dll
0x00007ffe72bc0000 - 0x00007ffe72bca000 	C:\WINDOWS\SYSTEM32\VERSION.dll
0x00007ffe7c640000 - 0x00007ffe7c948000 	C:\WINDOWS\System32\combase.dll
0x00007ffe7c110000 - 0x00007ffe7c182000 	C:\WINDOWS\System32\bcryptPrimitives.dll
0x00007ffe7ea80000 - 0x00007ffe7eaad000 	C:\WINDOWS\System32\IMM32.DLL
0x00007ffe314f0000 - 0x00007ffe315df000 	C:\Program Files\Java\jdk-9.0.4\bin\msvcr120.dll
0x00007ffe33200000 - 0x00007ffe332a6000 	C:\Program Files\Java\jdk-9.0.4\bin\msvcp120.dll
0x000000005b6e0000 - 0x000000005c105000 	C:\Program Files\Java\jdk-9.0.4\bin\server\jvm.dll
0x00007ffe7e9b0000 - 0x00007ffe7e9b8000 	C:\WINDOWS\System32\PSAPI.DLL
0x00007ffe79b90000 - 0x00007ffe79b99000 	C:\WINDOWS\SYSTEM32\WSOCK32.dll
0x00007ffe76cb0000 - 0x00007ffe76cd3000 	C:\WINDOWS\SYSTEM32\WINMM.dll
0x00007ffe7e470000 - 0x00007ffe7e4dc000 	C:\WINDOWS\System32\WS2_32.dll
0x00007ffe76c80000 - 0x00007ffe76caa000 	C:\WINDOWS\SYSTEM32\winmmbase.dll
0x00007ffe7b2b0000 - 0x00007ffe7b2fa000 	C:\WINDOWS\System32\cfgmgr32.dll
0x00007ffe786d0000 - 0x00007ffe786df000 	C:\Program Files\Java\jdk-9.0.4\bin\verify.dll
0x00007ffe5d720000 - 0x00007ffe5d747000 	C:\Program Files\Java\jdk-9.0.4\bin\java.dll
0x00007ffe5c120000 - 0x00007ffe5c136000 	C:\Program Files\Java\jdk-9.0.4\bin\zip.dll
0x00007ffe765d0000 - 0x00007ffe765da000 	C:\Program Files\Java\jdk-9.0.4\bin\jimage.dll
0x00007ffe7c9f0000 - 0x00007ffe7de28000 	C:\WINDOWS\System32\SHELL32.dll
0x00007ffe7e850000 - 0x00007ffe7e8f6000 	C:\WINDOWS\System32\shcore.dll
0x00007ffe7b9c0000 - 0x00007ffe7c107000 	C:\WINDOWS\System32\windows.storage.dll
0x00007ffe7e410000 - 0x00007ffe7e461000 	C:\WINDOWS\System32\shlwapi.dll
0x00007ffe7b0a0000 - 0x00007ffe7b0b1000 	C:\WINDOWS\System32\kernel.appcore.dll
0x00007ffe7b010000 - 0x00007ffe7b05c000 	C:\WINDOWS\System32\powrprof.dll
0x00007ffe7b060000 - 0x00007ffe7b07b000 	C:\WINDOWS\System32\profapi.dll
0x00007ffe5c010000 - 0x00007ffe5c02a000 	C:\Program Files\Java\jdk-9.0.4\bin\net.dll
0x00007ffe6e930000 - 0x00007ffe6ea0e000 	C:\WINDOWS\SYSTEM32\WINHTTP.dll
0x00007ffe7a8a0000 - 0x00007ffe7a906000 	C:\WINDOWS\system32\mswsock.dll
0x00007ffe5b620000 - 0x00007ffe5b631000 	C:\Program Files\Java\jdk-9.0.4\bin\nio.dll
0x00007ffe7a670000 - 0x00007ffe7a726000 	C:\WINDOWS\SYSTEM32\DNSAPI.dll
0x00007ffe7eab0000 - 0x00007ffe7eab8000 	C:\WINDOWS\System32\NSI.dll
0x00007ffe7a630000 - 0x00007ffe7a669000 	C:\WINDOWS\SYSTEM32\IPHLPAPI.DLL
0x00007ffe70450000 - 0x00007ffe7045a000 	C:\Windows\System32\rasadhlp.dll
0x00007ffe76750000 - 0x00007ffe767c0000 	C:\WINDOWS\System32\fwpuclnt.dll
0x00007ffe7ab70000 - 0x00007ffe7ab95000 	C:\WINDOWS\SYSTEM32\bcrypt.dll
0x00007ffe48a60000 - 0x00007ffe48a83000 	C:\Program Files\Java\jdk-9.0.4\bin\sunec.dll
0x00007ffe7aa70000 - 0x00007ffe7aa87000 	C:\WINDOWS\SYSTEM32\CRYPTSP.dll
0x00007ffe7a4a0000 - 0x00007ffe7a4d3000 	C:\WINDOWS\system32\rsaenh.dll
0x00007ffe7af40000 - 0x00007ffe7af69000 	C:\WINDOWS\SYSTEM32\USERENV.dll
0x00007ffe7aa60000 - 0x00007ffe7aa6b000 	C:\WINDOWS\SYSTEM32\CRYPTBASE.dll
0x00007ffe76080000 - 0x00007ffe76096000 	C:\WINDOWS\SYSTEM32\dhcpcsvc6.DLL
0x00007ffe75e70000 - 0x00007ffe75e8a000 	C:\WINDOWS\SYSTEM32\dhcpcsvc.DLL
0x00007ffe799a0000 - 0x00007ffe79b68000 	C:\WINDOWS\SYSTEM32\dbghelp.dll

VM Arguments:
jvm_args: -ea -Dfile.encoding=Cp1252 
java_command: org.eclipse.jdt.internal.junit.runner.RemoteTestRunner -version 3 -port 12212 -testLoaderClass org.eclipse.jdt.internal.junit4.runner.JUnit4TestLoader -loaderpluginname org.eclipse.jdt.junit4.runtime -classNames JUnitRunner
java_class_path (initial): C:\Users\kam\selenium_tryouts\CucumberSelenium\target\test-classes;C:\Users\kam\selenium_tryouts\CucumberSelenium\target\classes;C:\Users\kam\.p2\pool\plugins\org.junit.jupiter.api_5.0.0.v20170910-2246.jar;C:\Users\kam\.p2\pool\plugins\org.junit.jupiter.engine_5.0.0.v20170910-2246.jar;C:\Users\kam\.p2\pool\plugins\org.junit.jupiter.migrationsupport_5.0.0.v20170910-2246.jar;C:\Users\kam\.p2\pool\plugins\org.junit.jupiter.params_5.0.0.v20170910-2246.jar;C:\Users\kam\.p2\pool\plugins\org.junit.platform.commons_1.0.0.v20170910-2246.jar;C:\Users\kam\.p2\pool\plugins\org.junit.platform.engine_1.0.0.v20170910-2246.jar;C:\Users\kam\.p2\pool\plugins\org.junit.platform.launcher_1.0.0.v20170910-2246.jar;C:\Users\kam\.p2\pool\plugins\org.junit.platform.runner_1.0.0.v20170910-2246.jar;C:\Users\kam\.p2\pool\plugins\org.junit.platform.suite.api_1.0.0.v20170910-2246.jar;C:\Users\kam\.p2\pool\plugins\org.junit.vintage.engine_4.12.0.v20170910-2246.jar;C:\Users\kam\.p2\pool\plugins\org.opentest4j_1.0.0.v20170910-2246.jar;C:\Users\kam\.p2\pool\plugins\org.apiguardian_1.0.0.v20170910-2246.jar;C:\Users\kam\.p2\pool\plugins\org.junit_4.12.0.v201504281640\junit.jar;C:\Users\kam\.p2\pool\plugins\org.hamcrest.core_1.3.0.v201303031735.jar;C:\Users\kam\.m2\repository\org\seleniumhq\selenium\selenium-java\3.12.0\selenium-java-3.12.0.jar;C:\Users\kam\.m2\repository\org\seleniumhq\selenium\selenium-api\3.12.0\selenium-api-3.12.0.jar;C:\Users\kam\.m2\repository\org\seleniumhq\selenium\selenium-edge-driver\3.12.0\selenium-edge-driver-3.12.0.jar;C:\Users\kam\.m2\repository\org\seleniumhq\selenium\selenium-firefox-driver\3.12.0\selenium-firefox-driver-3.12.0.jar;C:\Users\kam\.m2\repository\org\seleniumhq\selenium\selenium-ie-driver\3.12.0\selenium-ie-driver-3.12.0.jar;C:\Users\kam\.m2\repository\org\seleniumhq\selenium\selenium-opera-driver\3.12.0\selenium-opera-driver-3.12.0.jar;C:\Users\kam\.m2\repository\org\seleniumhq\selenium\selenium-remote-driver\3.12.0\selenium-re
Launcher Type: SUN_STANDARD

Logging:
Log output configuration:
#0: stdout all=warning uptime,level,tags
#1: stderr all=off uptime,level,tags

Environment Variables:
JAVA_HOME=C:\Program Files\Java\jdk-9.0.4\
PATH=C:/Program Files/Java/jdk-9.0.4//bin/server;C:/Program Files/Java/jdk-9.0.4//bin;C:\Users\kam\AppData\Roaming\npm\;C:\Program Files (x86)\Intel\iCLS Client\;C:\Program Files\Intel\iCLS Client\;C:\Program Files\Dell\DW WLAN Card;C:\WINDOWS\system32;C:\WINDOWS;C:\WINDOWS\System32\Wbem;C:\WINDOWS\System32\WindowsPowerShell\v1.0\;C:\Program Files (x86)\Intel\Intel(R) Management Engine Components\DAL;C:\Program Files\Intel\Intel(R) Management Engine Components\DAL;C:\Program Files (x86)\Intel\Intel(R) Management Engine Components\IPT;C:\Program Files\Intel\Intel(R) Management Engine Components\IPT;C:\Program Files\Microsoft SQL Server\130\Tools\Binn\;C:\Program Files\Microsoft SQL Server\Client SDK\ODBC\110\Tools\Binn\;C:\Program Files (x86)\Microsoft SQL Server\120\Tools\Binn\;C:\Program Files\Microsoft SQL Server\120\Tools\Binn\;C:\Program Files\Microsoft SQL Server\120\DTS\Binn\;C:\Program Files (x86)\Microsoft SQL Server\120\Tools\Binn\ManagementStudio\;C:\Program Files (x86)\Microsoft SQL Server\120\DTS\Binn\;C:\Program Files (x86)\Microsoft SQL Server\110\Tools\Binn\;C:\Program Files\Microsoft SQL Server\110\Tools\Binn\;C:\Program Files\Microsoft SQL Server\110\DTS\Binn\;C:\Program Files (x86)\Microsoft SQL Server\110\DTS\Binn\;C:\Program Files (x86)\Microsoft ASP.NET\ASP.NET Web Pages\v1.0\;C:\Program Files (x86)\Microsoft SQL Server\100\Tools\Binn\;C:\Program Files\Microsoft SQL Server\100\Tools\Binn\;C:\Program Files\Microsoft SQL Server\100\DTS\Binn\;C:\Program Files (x86)\Microsoft SQL Server\100\Tools\Binn\VSShell\Common7\IDE\;C:\Program Files (x86)\Microsoft Visual Studio 9.0\Common7\IDE\PrivateAssemblies\;C:\Program Files (x86)\Microsoft SQL Server\100\DTS\Binn\;C:\Program Files\TortoiseGit\bin;C:\chromedrv\;C:\Program Files\dotnet\;C:\Program Files\Git\cmd;C:\Program Files\nodejs;C:\Users\kam\AppData\Local\Android\Sdk\platform-tools;C:\Users\kam\AppData\Roaming\npm\webdriver-manager\;C:\Users\kam\AppData\Local\Android\Sdk\platform-tools;C:\Program Files\
USERNAME=kam
OS=Windows_NT
PROCESSOR_IDENTIFIER=Intel64 Family 6 Model 94 Stepping 3, GenuineIntel



---------------  S Y S T E M  ---------------

OS: Windows 10 , 64 bit Build 16299 (10.0.16299.431)

CPU:total 8 (initial active 8) (4 cores per cpu, 2 threads per core) family 6 model 94 stepping 3, cmov, cx8, fxsr, mmx, sse, sse2, sse3, ssse3, sse4.1, sse4.2, popcnt, avx, avx2, aes, clmul, erms, rtm, 3dnowpref, lzcnt, ht, tsc, tscinvbit, bmi1, bmi2, adx, fma

Memory: 4k page, physical 16354836k(2476728k free), swap 20549140k(2080k free)

vm_info: Java HotSpot(TM) 64-Bit Server VM (9.0.4+11) for windows-amd64 JRE (9.0.4+11), built on Dec 20 2017 02:18:54 by "mach5one" with MS VC++ 12.0 (VS2013)

END.
