#
# There is insufficient memory for the Java Runtime Environment to continue.
# Native memory allocation (mmap) failed to map 262144000 bytes for Failed to commit area from 0x00000006c6600000 to 0x00000006d6000000 of length 262144000.
# Possible reasons:
#   The system is out of physical RAM or swap space
#   The process is running with CompressedOops enabled, and the Java Heap may be blocking the growth of the native heap
# Possible solutions:
#   Reduce memory load on the system
#   Increase physical memory or swap space
#   Check if swap backing store is full
#   Decrease Java heap size (-Xmx/-Xms)
#   Decrease number of Java threads
#   Decrease Java thread stack sizes (-Xss)
#   Set larger code cache with -XX:ReservedCodeCacheSize=
# This output file may be truncated or incomplete.
#
#  Out of Memory Error (t:/workspace/hotspot/src/os/windows/vm/os_windows.cpp:3357), pid=12828, tid=21720
#
# JRE version:  (9.0+11) (build )
# Java VM: Java HotSpot(TM) 64-Bit Server VM (9.0.4+11, mixed mode, tiered, compressed oops, g1 gc, windows-amd64)
# No core dump will be written. Minidumps are not enabled by default on client versions of Windows
#

---------------  S U M M A R Y ------------

Command Line: -Dmaven.home=EMBEDDED -Dclassworlds.conf=C:\Users\kam\selenium_tryouts\.metadata\.plugins\org.eclipse.m2e.launching\launches\m2conf4447845586863304181.tmp -Dmaven.multiModuleProjectDirectory=C:\Users\kam\selenium_tryouts\SeleniumBasics -Dfile.encoding=Cp1252 org.codehaus.plexus.classworlds.launcher.Launcher -B clean

Host: Intel(R) Core(TM) i7-6700HQ CPU @ 2.60GHz, 8 cores, 15G,  Windows 10 , 64 bit Build 17134 (10.0.17134.1)
Time: Sun Jul 29 13:12:09 2018 Sri Lanka Standard Time elapsed time: 0 seconds (0d 0h 0m 0s)

---------------  T H R E A D  ---------------

Current thread (0x000002002df37000):  JavaThread "Unknown thread" [_thread_in_vm, id=21720, stack(0x000000ef7db00000,0x000000ef7dc00000)]

Stack: [0x000000ef7db00000,0x000000ef7dc00000]
Native frames: (J=compiled Java code, j=interpreted, Vv=VM code, C=native code)
V  [jvm.dll+0x587068]
V  [jvm.dll+0x69c25e]
V  [jvm.dll+0x69d17a]
V  [jvm.dll+0x69d7b3]
V  [jvm.dll+0x21d198]
V  [jvm.dll+0x584bb4]
V  [jvm.dll+0x57a095]
V  [jvm.dll+0x2cd67b]
V  [jvm.dll+0x2cd5e3]
V  [jvm.dll+0x2cd4b2]
V  [jvm.dll+0x2cf4b3]
V  [jvm.dll+0x3191e3]
V  [jvm.dll+0x3198f6]
V  [jvm.dll+0x3192e3]
V  [jvm.dll+0x2adeb8]
V  [jvm.dll+0x2af0e7]
V  [jvm.dll+0x67b34d]
V  [jvm.dll+0x67c70c]
V  [jvm.dll+0x3269c9]
V  [jvm.dll+0x66555e]
V  [jvm.dll+0x391811]
V  [jvm.dll+0x3937c1]
C  [javaw.exe+0x3501]
C  [javaw.exe+0xe25f]
C  [javaw.exe+0xe406]
C  [KERNEL32.DLL+0x13034]
C  [ntdll.dll+0x71431]


---------------  P R O C E S S  ---------------

Java Threads: ( => current thread )

Other Threads:
  0x000002002df50800 GCTaskThread "GC Thread#0" [stack: 0x000000ef7dc00000,0x000000ef7dd00000] [id=25872]
  0x000002002df52000 GCTaskThread "GC Thread#1" [stack: 0x000000ef7dd00000,0x000000ef7de00000] [id=22860]
  0x000002002df54800 GCTaskThread "GC Thread#2" [stack: 0x000000ef7de00000,0x000000ef7df00000] [id=24084]
  0x000002002df5b000 GCTaskThread "GC Thread#3" [stack: 0x000000ef7df00000,0x000000ef7e000000] [id=18744]
  0x000002002df5d000 GCTaskThread "GC Thread#4" [stack: 0x000000ef7e000000,0x000000ef7e100000] [id=17268]
  0x000002002df64800 GCTaskThread "GC Thread#5" [stack: 0x000000ef7e100000,0x000000ef7e200000] [id=2944]
  0x000002002df66000 GCTaskThread "GC Thread#6" [stack: 0x000000ef7e200000,0x000000ef7e300000] [id=33196]
  0x000002002df6c000 GCTaskThread "GC Thread#7" [stack: 0x000000ef7e300000,0x000000ef7e400000] [id=33000]
  0x000002002dfde000 ConcurrentGCThread "G1 Main Marker" [stack: 0x000000ef7ed00000,0x000000ef7ee00000] [id=24168]
  0x000002002dfde800 ConcurrentGCThread "G1 Marker#0" [stack: 0x000000ef7ee00000,0x000000ef7ef00000] [id=12072]
  0x000002002dfdf800 ConcurrentGCThread "G1 Marker#1" [stack: 0x000000ef7ef00000,0x000000ef7f000000] [id=11432]
  0x000002002df83800 ConcurrentGCThread "G1 Refine#0" [stack: 0x000000ef7eb00000,0x000000ef7ec00000] [id=33592]
  0x000002002df81800 ConcurrentGCThread "G1 Refine#1" [stack: 0x000000ef7ea00000,0x000000ef7eb00000] [id=16256]
  0x000002002df77800 ConcurrentGCThread "G1 Refine#2" [stack: 0x000000ef7e900000,0x000000ef7ea00000] [id=33436]
  0x000002002df74800 ConcurrentGCThread "G1 Refine#3" [stack: 0x000000ef7e800000,0x000000ef7e900000] [id=30764]
  0x000002002df72800 ConcurrentGCThread "G1 Refine#4" [stack: 0x000000ef7e700000,0x000000ef7e800000] [id=24220]
  0x000002002df6f800 ConcurrentGCThread "G1 Refine#5" [stack: 0x000000ef7e600000,0x000000ef7e700000] [id=28892]
  0x000002002df6e000 ConcurrentGCThread "G1 Refine#6" [stack: 0x000000ef7e500000,0x000000ef7e600000] [id=34568]
  0x000002002df6d000 ConcurrentGCThread "G1 Refine#7" [stack: 0x000000ef7e400000,0x000000ef7e500000] [id=33860]
  0x000002002df92800 ConcurrentGCThread "G1 Young RemSet Sampling" [stack: 0x000000ef7ec00000,0x000000ef7ed00000] [id=29308]

=>0x000002002df37000 (exited) JavaThread "Unknown thread" [_thread_in_vm, id=21720, stack(0x000000ef7db00000,0x000000ef7dc00000)]

Threads with active compile tasks:

VM state:not at safepoint (not fully initialized)

VM Mutex/Monitor currently owned by a thread:  ([mutex/lock_event])
[0x000002002df35df0] Heap_lock - owner thread: 0x000002002df37000

Heap address: 0x00000006c6600000, size: 3994 MB, Compressed Oops mode: Non-zero based: 0x00000006c6600000
Narrow klass base: 0x0000000000000000, Narrow klass shift: 0

GC Heap History (0 events):
No events

Deoptimization events (0 events):
No events

Classes redefined (0 events):
No events

Internal exceptions (0 events):
No events

Events (0 events):
No events


Dynamic libraries:
0x00007ff7d17e0000 - 0x00007ff7d181e000 	C:\Program Files\Java\jdk-9.0.4\bin\javaw.exe
0x00007ff8e7550000 - 0x00007ff8e7731000 	C:\WINDOWS\SYSTEM32\ntdll.dll
0x00007ff8e6720000 - 0x00007ff8e67d2000 	C:\WINDOWS\System32\KERNEL32.DLL
0x00007ff8e3f80000 - 0x00007ff8e41f3000 	C:\WINDOWS\System32\KERNELBASE.dll
0x00007ff8e65a0000 - 0x00007ff8e6641000 	C:\WINDOWS\System32\ADVAPI32.dll
0x00007ff8e6960000 - 0x00007ff8e69fe000 	C:\WINDOWS\System32\msvcrt.dll
0x00007ff8e49e0000 - 0x00007ff8e4a3b000 	C:\WINDOWS\System32\sechost.dll
0x00007ff8e4ab0000 - 0x00007ff8e4bd4000 	C:\WINDOWS\System32\RPCRT4.dll
0x00007ff8e4ee0000 - 0x00007ff8e5070000 	C:\WINDOWS\System32\USER32.dll
0x00007ff8e3f60000 - 0x00007ff8e3f80000 	C:\WINDOWS\System32\win32u.dll
0x00007ff8e6f40000 - 0x00007ff8e6f68000 	C:\WINDOWS\System32\GDI32.dll
0x00007ff8e3a20000 - 0x00007ff8e3bb2000 	C:\WINDOWS\System32\gdi32full.dll
0x00007ff8e3ec0000 - 0x00007ff8e3f5f000 	C:\WINDOWS\System32\msvcp_win.dll
0x00007ff8e3920000 - 0x00007ff8e3a1a000 	C:\WINDOWS\System32\ucrtbase.dll
0x00007ff8d79e0000 - 0x00007ff8d79ea000 	C:\WINDOWS\SYSTEM32\VERSION.dll
0x00007ff8d5730000 - 0x00007ff8d5999000 	C:\WINDOWS\WinSxS\amd64_microsoft.windows.common-controls_6595b64144ccf1df_6.0.17134.165_none_fb429645306569ac\COMCTL32.dll
0x00007ff8e6fb0000 - 0x00007ff8e72d3000 	C:\WINDOWS\System32\combase.dll
0x00007ff8e4960000 - 0x00007ff8e49da000 	C:\WINDOWS\System32\bcryptPrimitives.dll
0x00007ff8e6f70000 - 0x00007ff8e6f9d000 	C:\WINDOWS\System32\IMM32.DLL
0x00007ff89da00000 - 0x00007ff89daef000 	C:\Program Files\Java\jdk-9.0.4\bin\msvcr120.dll
0x00007ff8a5d00000 - 0x00007ff8a5da6000 	C:\Program Files\Java\jdk-9.0.4\bin\msvcp120.dll
0x0000000055bd0000 - 0x00000000565f5000 	C:\Program Files\Java\jdk-9.0.4\bin\server\jvm.dll
0x00007ff8e4a40000 - 0x00007ff8e4a48000 	C:\WINDOWS\System32\PSAPI.DLL
0x00007ff8e17c0000 - 0x00007ff8e17e3000 	C:\WINDOWS\SYSTEM32\WINMM.dll
0x00007ff8e2470000 - 0x00007ff8e2479000 	C:\WINDOWS\SYSTEM32\WSOCK32.dll
0x00007ff8e6a80000 - 0x00007ff8e6aec000 	C:\WINDOWS\System32\WS2_32.dll
0x00007ff8e1790000 - 0x00007ff8e17ba000 	C:\WINDOWS\SYSTEM32\winmmbase.dll
0x00007ff8e4200000 - 0x00007ff8e4249000 	C:\WINDOWS\System32\cfgmgr32.dll
0x00007ff8e01a0000 - 0x00007ff8e01af000 	C:\Program Files\Java\jdk-9.0.4\bin\verify.dll
0x00007ff8d1d40000 - 0x00007ff8d1d67000 	C:\Program Files\Java\jdk-9.0.4\bin\java.dll
0x00007ff8defe0000 - 0x00007ff8deff6000 	C:\Program Files\Java\jdk-9.0.4\bin\zip.dll
0x00007ff8e0070000 - 0x00007ff8e007a000 	C:\Program Files\Java\jdk-9.0.4\bin\jimage.dll
0x00007ff8e2280000 - 0x00007ff8e2449000 	C:\WINDOWS\SYSTEM32\dbghelp.dll

VM Arguments:
jvm_args: -Dmaven.home=EMBEDDED -Dclassworlds.conf=C:\Users\kam\selenium_tryouts\.metadata\.plugins\org.eclipse.m2e.launching\launches\m2conf4447845586863304181.tmp -Dmaven.multiModuleProjectDirectory=C:\Users\kam\selenium_tryouts\SeleniumBasics -Dfile.encoding=Cp1252 
java_command: org.codehaus.plexus.classworlds.launcher.Launcher -B clean
java_class_path (initial): C:\Users\kam\.p2\pool\plugins\org.eclipse.m2e.maven.runtime_1.8.2.20171007-0216\jars\plexus-classworlds-2.5.2.jar
Launcher Type: SUN_STANDARD

Logging:
Log output configuration:
#0: stdout all=warning uptime,level,tags
#1: stderr all=off uptime,level,tags

Environment Variables:
JAVA_HOME=C:\Program Files\Java\jdk-9.0.4\
PATH=C:/Program Files/Java/jre1.8.0_171/bin/server;C:/Program Files/Java/jre1.8.0_171/bin;C:/Program Files/Java/jre1.8.0_171/lib/amd64;C:\Ruby25-x64\bin;C:\Program Files (x86)\Common Files\Oracle\Java\javapath;C:\Ruby23-x64\bin;C:\Users\kam\AppData\Roaming\npm\;C:\Program Files (x86)\Intel\iCLS Client\;C:\Program Files\Intel\iCLS Client\;C:\Program Files\Dell\DW WLAN Card;C:\WINDOWS\system32;C:\WINDOWS;C:\WINDOWS\System32\Wbem;C:\WINDOWS\System32\WindowsPowerShell\v1.0\;C:\Program Files (x86)\Intel\Intel(R) Management Engine Components\DAL;C:\Program Files\Intel\Intel(R) Management Engine Components\DAL;C:\Program Files (x86)\Intel\Intel(R) Management Engine Components\IPT;C:\Program Files\Intel\Intel(R) Management Engine Components\IPT;C:\Program Files (x86)\Microsoft SQL Server\120\Tools\Binn\;C:\Program Files\Microsoft SQL Server\120\Tools\Binn\;C:\Program Files\Microsoft SQL Server\120\DTS\Binn\;C:\Program Files (x86)\Microsoft SQL Server\120\Tools\Binn\ManagementStudio\;C:\Program Files (x86)\Microsoft SQL Server\120\DTS\Binn\;C:\Program Files (x86)\Microsoft SQL Server\110\Tools\Binn\;C:\Program Files\Microsoft SQL Server\110\Tools\Binn\;C:\Program Files\Microsoft SQL Server\110\DTS\Binn\;C:\Program Files (x86)\Microsoft SQL Server\110\DTS\Binn\;C:\Program Files (x86)\Microsoft ASP.NET\ASP.NET Web Pages\v1.0\;C:\Program Files (x86)\Microsoft SQL Server\100\Tools\Binn\;C:\Program Files\Microsoft SQL Server\100\Tools\Binn\;C:\Program Files\Microsoft SQL Server\100\DTS\Binn\;C:\Program Files (x86)\Microsoft SQL Server\100\Tools\Binn\VSShell\Common7\IDE\;C:\Program Files (x86)\Microsoft Visual Studio 9.0\Common7\IDE\PrivateAssemblies\;C:\Program Files (x86)\Microsoft SQL Server\100\DTS\Binn\;C:\gekhodriver\;C:\Program Files\dotnet\;C:\Program Files\Git\cmd;C:\Program Files\nodejs;C:\Users\kam\AppData\Local\Android\Sdk\platform-tools;C:\Users\kam\AppData\Roaming\npm\webdriver-manager\;C:\Users\kam\AppData\Local\Android\Sdk\platform-tools;C:\Program Files\Java\jdk-9.0.
USERNAME=kam
OS=Windows_NT
PROCESSOR_IDENTIFIER=Intel64 Family 6 Model 94 Stepping 3, GenuineIntel



---------------  S Y S T E M  ---------------

OS: Windows 10 , 64 bit Build 17134 (10.0.17134.1)

CPU:total 8 (initial active 8) (4 cores per cpu, 2 threads per core) family 6 model 94 stepping 3, cmov, cx8, fxsr, mmx, sse, sse2, sse3, ssse3, sse4.1, sse4.2, popcnt, avx, avx2, aes, clmul, erms, rtm, 3dnowpref, lzcnt, ht, tsc, tscinvbit, bmi1, bmi2, adx, fma

Memory: 4k page, physical 16354836k(3246724k free), swap 20549140k(84476k free)

vm_info: Java HotSpot(TM) 64-Bit Server VM (9.0.4+11) for windows-amd64 JRE (9.0.4+11), built on Dec 20 2017 02:18:54 by "mach5one" with MS VC++ 12.0 (VS2013)

END.
